<?xml version="1.0" encoding="UTF-8"?>
<coverage generated="1778702264703" clover="3.2.0">
  <project timestamp="1778702264703" name="All files">
    <metrics statements="249" coveredstatements="223" conditionals="192" coveredconditionals="172" methods="143" coveredmethods="120" elements="584" coveredelements="515" complexity="0" loc="249" ncloc="249" packages="4" files="13" classes="13"/>
    <package name="src">
      <metrics statements="116" coveredstatements="98" conditionals="87" coveredconditionals="79" methods="62" coveredmethods="45"/>
      <file name="App.jsx" path="C:\Users\Daniel\Marianita\Marianita-s-snaks\frontend\src\App.jsx">
        <metrics statements="40" coveredstatements="33" conditionals="32" coveredconditionals="27" methods="29" coveredmethods="18"/>
        <line num="11" count="1" type="stmt"/>
        <line num="12" count="22" type="cond" truecount="2" falsecount="0"/>
        <line num="13" count="0" type="stmt"/>
        <line num="17" count="26" type="stmt"/>
        <line num="19" count="26" type="stmt"/>
        <line num="20" count="26" type="stmt"/>
        <line num="21" count="26" type="stmt"/>
        <line num="22" count="26" type="stmt"/>
        <line num="23" count="26" type="cond" truecount="2" falsecount="0"/>
        <line num="24" count="26" type="stmt"/>
        <line num="25" count="26" type="stmt"/>
        <line num="27" count="26" type="stmt"/>
        <line num="28" count="26" type="stmt"/>
        <line num="29" count="26" type="cond" truecount="2" falsecount="0"/>
        <line num="30" count="26" type="stmt"/>
        <line num="32" count="26" type="stmt"/>
        <line num="33" count="11" type="cond" truecount="4" falsecount="0"/>
        <line num="36" count="26" type="stmt"/>
        <line num="38" count="26" type="stmt"/>
        <line num="39" count="2" type="stmt"/>
        <line num="46" count="2" type="stmt"/>
        <line num="47" count="2" type="stmt"/>
        <line num="50" count="26" type="stmt"/>
        <line num="51" count="6" type="cond" truecount="2" falsecount="0"/>
        <line num="52" count="6" type="stmt"/>
        <line num="55" count="26" type="stmt"/>
        <line num="56" count="0" type="stmt"/>
        <line num="57" count="0" type="stmt"/>
        <line num="65" count="0" type="stmt"/>
        <line num="68" count="26" type="stmt"/>
        <line num="69" count="0" type="cond" truecount="0" falsecount="2"/>
        <line num="71" count="26" type="stmt"/>
        <line num="72" count="0" type="cond" truecount="0" falsecount="2"/>
        <line num="74" count="26" type="stmt"/>
        <line num="75" count="0" type="stmt"/>
        <line num="80" count="26" type="stmt"/>
        <line num="86" count="26" type="stmt"/>
        <line num="91" count="1" type="stmt"/>
        <line num="118" count="2" type="stmt"/>
        <line num="127" count="2" type="cond" truecount="1" falsecount="1"/>
      </file>
      <file name="Components.jsx" path="C:\Users\Daniel\Marianita\Marianita-s-snaks\frontend\src\Components.jsx">
        <metrics statements="54" coveredstatements="53" conditionals="40" coveredconditionals="40" methods="27" coveredmethods="25"/>
        <line num="6" count="3" type="stmt"/>
        <line num="13" count="32" type="stmt"/>
        <line num="14" count="32" type="stmt"/>
        <line num="15" count="32" type="stmt"/>
        <line num="27" count="96" type="stmt"/>
        <line num="30" count="0" type="stmt"/>
        <line num="49" count="29" type="stmt"/>
        <line num="50" count="29" type="stmt"/>
        <line num="51" count="29" type="stmt"/>
        <line num="56" count="29" type="stmt"/>
        <line num="59" count="87" type="stmt"/>
        <line num="62" count="7" type="stmt"/>
        <line num="73" count="28" type="stmt"/>
        <line num="74" count="28" type="stmt"/>
        <line num="75" count="28" type="stmt"/>
        <line num="84" count="135" type="stmt"/>
        <line num="85" count="135" type="stmt"/>
        <line num="86" count="135" type="stmt"/>
        <line num="87" count="135" type="stmt"/>
        <line num="88" count="135" type="stmt"/>
        <line num="89" count="135" type="stmt"/>
        <line num="91" count="135" type="stmt"/>
        <line num="93" count="135" type="stmt"/>
        <line num="94" count="7" type="stmt"/>
        <line num="95" count="7" type="stmt"/>
        <line num="96" count="7" type="stmt"/>
        <line num="97" count="7" type="cond" truecount="2" falsecount="0"/>
        <line num="98" count="6" type="cond" truecount="2" falsecount="0"/>
        <line num="99" count="5" type="cond" truecount="4" falsecount="0"/>
        <line num="100" count="4" type="cond" truecount="2" falsecount="0"/>
        <line num="101" count="3" type="stmt"/>
        <line num="102" count="3" type="stmt"/>
        <line num="105" count="135" type="stmt"/>
        <line num="107" count="34" type="stmt"/>
        <line num="124" count="6" type="stmt"/>
        <line num="127" count="1" type="stmt"/>
        <line num="138" count="9" type="stmt"/>
        <line num="153" count="18" type="stmt"/>
        <line num="163" count="40" type="stmt"/>
        <line num="174" count="45" type="stmt"/>
        <line num="181" count="1" type="stmt"/>
        <line num="192" count="41" type="stmt"/>
        <line num="193" count="41" type="stmt"/>
        <line num="194" count="41" type="stmt"/>
        <line num="195" count="41" type="stmt"/>
        <line num="197" count="41" type="stmt"/>
        <line num="198" count="7" type="cond" truecount="2" falsecount="0"/>
        <line num="199" count="4" type="stmt"/>
        <line num="201" count="3" type="stmt"/>
        <line num="202" count="3" type="stmt"/>
        <line num="203" count="3" type="stmt"/>
        <line num="207" count="41" type="stmt"/>
        <line num="220" count="28" type="stmt"/>
        <line num="221" count="29" type="cond" truecount="2" falsecount="0"/>
      </file>
      <file name="api.js" path="C:\Users\Daniel\Marianita\Marianita-s-snaks\frontend\src\api.js">
        <metrics statements="10" coveredstatements="0" conditionals="0" coveredconditionals="0" methods="4" coveredmethods="0"/>
        <line num="1" count="0" type="stmt"/>
        <line num="4" count="0" type="stmt"/>
        <line num="5" count="0" type="stmt"/>
        <line num="9" count="0" type="stmt"/>
        <line num="10" count="0" type="stmt"/>
        <line num="14" count="0" type="stmt"/>
        <line num="19" count="0" type="stmt"/>
        <line num="23" count="0" type="stmt"/>
        <line num="24" count="0" type="stmt"/>
        <line num="25" count="0" type="stmt"/>
      </file>
      <file name="data.js" path="C:\Users\Daniel\Marianita\Marianita-s-snaks\frontend\src\data.js">
        <metrics statements="12" coveredstatements="12" conditionals="15" coveredconditionals="12" methods="2" coveredmethods="2"/>
        <line num="1" count="5" type="stmt"/>
        <line num="3" count="5" type="stmt"/>
        <line num="64" count="5" type="stmt"/>
        <line num="66" count="5" type="stmt"/>
        <line num="67" count="1164" type="stmt"/>
        <line num="69" count="5" type="stmt"/>
        <line num="71" count="5" type="cond" truecount="1" falsecount="0"/>
        <line num="72" count="31" type="stmt"/>
        <line num="73" count="31" type="cond" truecount="4" falsecount="0"/>
        <line num="74" count="3" type="cond" truecount="3" falsecount="1"/>
        <line num="75" count="2" type="cond" truecount="3" falsecount="1"/>
        <line num="76" count="1" type="cond" truecount="1" falsecount="1"/>
      </file>
    </package>
    <package name="src.i18n">
      <metrics statements="3" coveredstatements="0" conditionals="2" coveredconditionals="0" methods="1" coveredmethods="0"/>
      <file name="en.js" path="C:\Users\Daniel\Marianita\Marianita-s-snaks\frontend\src\i18n\en.js">
        <metrics statements="0" coveredstatements="0" conditionals="0" coveredconditionals="0" methods="0" coveredmethods="0"/>
      </file>
      <file name="es.js" path="C:\Users\Daniel\Marianita\Marianita-s-snaks\frontend\src\i18n\es.js">
        <metrics statements="0" coveredstatements="0" conditionals="0" coveredconditionals="0" methods="0" coveredmethods="0"/>
      </file>
      <file name="index.js" path="C:\Users\Daniel\Marianita\Marianita-s-snaks\frontend\src\i18n\index.js">
        <metrics statements="3" coveredstatements="0" conditionals="2" coveredconditionals="0" methods="1" coveredmethods="0"/>
        <line num="7" count="0" type="cond" truecount="0" falsecount="2"/>
        <line num="9" count="0" type="stmt"/>
        <line num="20" count="0" type="stmt"/>
      </file>
      <file name="ko.js" path="C:\Users\Daniel\Marianita\Marianita-s-snaks\frontend\src\i18n\ko.js">
        <metrics statements="0" coveredstatements="0" conditionals="0" coveredconditionals="0" methods="0" coveredmethods="0"/>
      </file>
    </package>
    <package name="src.styles">
      <metrics statements="0" coveredstatements="0" conditionals="0" coveredconditionals="0" methods="0" coveredmethods="0"/>
      <file name="components.css" path="C:\Users\Daniel\Marianita\Marianita-s-snaks\frontend\src\styles\components.css">
        <metrics statements="0" coveredstatements="0" conditionals="0" coveredconditionals="0" methods="0" coveredmethods="0"/>
      </file>
      <file name="tokens.css" path="C:\Users\Daniel\Marianita\Marianita-s-snaks\frontend\src\styles\tokens.css">
        <metrics statements="0" coveredstatements="0" conditionals="0" coveredconditionals="0" methods="0" coveredmethods="0"/>
      </file>
    </package>
    <package name="src.views">
      <metrics statements="130" coveredstatements="125" conditionals="103" coveredconditionals="93" methods="80" coveredmethods="75"/>
      <file name="MarianitaPanel.jsx" path="C:\Users\Daniel\Marianita\Marianita-s-snaks\frontend\src\views\MarianitaPanel.jsx">
        <metrics statements="53" coveredstatements="52" conditionals="43" coveredconditionals="39" methods="34" coveredmethods="33"/>
        <line num="7" count="59" type="stmt"/>
        <line num="8" count="59" type="stmt"/>
        <line num="9" count="59" type="stmt"/>
        <line num="10" count="59" type="stmt"/>
        <line num="11" count="59" type="stmt"/>
        <line num="12" count="59" type="stmt"/>
        <line num="13" count="59" type="stmt"/>
        <line num="14" count="59" type="stmt"/>
        <line num="16" count="59" type="stmt"/>
        <line num="18" count="59" type="stmt"/>
        <line num="19" count="221" type="stmt"/>
        <line num="20" count="221" type="cond" truecount="2" falsecount="0"/>
        <line num="21" count="213" type="cond" truecount="2" falsecount="0"/>
        <line num="22" count="4" type="cond" truecount="1" falsecount="1"/>
        <line num="23" count="4" type="stmt"/>
        <line num="26" count="221" type="stmt"/>
        <line num="27" count="660" type="cond" truecount="1" falsecount="1"/>
        <line num="28" count="165" type="stmt"/>
        <line num="29" count="165" type="stmt"/>
        <line num="30" count="165" type="stmt"/>
        <line num="32" count="59" type="stmt"/>
        <line num="33" count="59" type="stmt"/>
        <line num="34" count="165" type="cond" truecount="2" falsecount="0"/>
        <line num="35" count="59" type="stmt"/>
        <line num="36" count="116" type="cond" truecount="2" falsecount="0"/>
        <line num="37" count="116" type="stmt"/>
        <line num="38" count="53" type="stmt"/>
        <line num="41" count="59" type="stmt"/>
        <line num="42" count="59" type="stmt"/>
        <line num="43" count="1" type="stmt"/>
        <line num="44" count="1" type="cond" truecount="3" falsecount="1"/>
        <line num="45" count="1" type="stmt"/>
        <line num="47" count="59" type="stmt"/>
        <line num="48" count="1" type="stmt"/>
        <line num="49" count="1" type="cond" truecount="4" falsecount="1"/>
        <line num="50" count="1" type="stmt"/>
        <line num="51" count="1" type="stmt"/>
        <line num="55" count="59" type="stmt"/>
        <line num="62" count="59" type="stmt"/>
        <line num="68" count="236" type="cond" truecount="2" falsecount="0"/>
        <line num="89" count="0" type="cond" truecount="2" falsecount="0"/>
        <line num="92" count="9" type="cond" truecount="2" falsecount="0"/>
        <line num="116" count="121" type="stmt"/>
        <line num="117" count="41" type="stmt"/>
        <line num="144" count="102" type="cond" truecount="2" falsecount="0"/>
        <line num="150" count="5" type="stmt"/>
        <line num="152" count="1" type="stmt"/>
        <line num="155" count="3" type="stmt"/>
        <line num="161" count="1" type="stmt"/>
        <line num="170" count="6" type="stmt"/>
        <line num="171" count="4" type="stmt"/>
        <line num="173" count="1" type="stmt"/>
        <line num="176" count="3" type="stmt"/>
      </file>
      <file name="MyPurchases.jsx" path="C:\Users\Daniel\Marianita\Marianita-s-snaks\frontend\src\views\MyPurchases.jsx">
        <metrics statements="24" coveredstatements="24" conditionals="22" coveredconditionals="22" methods="14" coveredmethods="14"/>
        <line num="8" count="24" type="stmt"/>
        <line num="9" count="24" type="stmt"/>
        <line num="11" count="24" type="stmt"/>
        <line num="13" count="32" type="stmt"/>
        <line num="14" count="24" type="cond" truecount="2" falsecount="0"/>
        <line num="15" count="24" type="stmt"/>
        <line num="16" count="36" type="stmt"/>
        <line num="17" count="26" type="cond" truecount="2" falsecount="0"/>
        <line num="20" count="24" type="stmt"/>
        <line num="21" count="24" type="stmt"/>
        <line num="22" count="24" type="stmt"/>
        <line num="23" count="26" type="stmt"/>
        <line num="24" count="26" type="cond" truecount="2" falsecount="0"/>
        <line num="25" count="26" type="stmt"/>
        <line num="27" count="24" type="stmt"/>
        <line num="30" count="24" type="cond" truecount="2" falsecount="0"/>
        <line num="36" count="24" type="stmt"/>
        <line num="49" count="1" type="cond" truecount="2" falsecount="0"/>
        <line num="52" count="4" type="cond" truecount="2" falsecount="0"/>
        <line num="55" count="1" type="cond" truecount="2" falsecount="0"/>
        <line num="68" count="18" type="stmt"/>
        <line num="72" count="36" type="stmt"/>
        <line num="73" count="26" type="cond" truecount="2" falsecount="0"/>
        <line num="74" count="25" type="stmt"/>
      </file>
      <file name="RegisterPurchase.jsx" path="C:\Users\Daniel\Marianita\Marianita-s-snaks\frontend\src\views\RegisterPurchase.jsx">
        <metrics statements="53" coveredstatements="49" conditionals="38" coveredconditionals="32" methods="32" coveredmethods="28"/>
        <line num="7" count="78" type="stmt"/>
        <line num="8" count="78" type="stmt"/>
        <line num="9" count="78" type="stmt"/>
        <line num="10" count="78" type="stmt"/>
        <line num="11" count="78" type="stmt"/>
        <line num="12" count="78" type="stmt"/>
        <line num="14" count="78" type="stmt"/>
        <line num="16" count="839" type="stmt"/>
        <line num="18" count="78" type="stmt"/>
        <line num="19" count="78" type="stmt"/>
        <line num="20" count="78" type="cond" truecount="2" falsecount="0"/>
        <line num="21" count="22" type="stmt"/>
        <line num="24" count="78" type="stmt"/>
        <line num="25" count="78" type="stmt"/>
        <line num="26" count="52" type="stmt"/>
        <line num="27" count="21" type="stmt"/>
        <line num="28" count="20" type="cond" truecount="1" falsecount="1"/>
        <line num="32" count="78" type="stmt"/>
        <line num="33" count="52" type="stmt"/>
        <line num="34" count="21" type="stmt"/>
        <line num="35" count="20" type="cond" truecount="1" falsecount="1"/>
        <line num="39" count="78" type="stmt"/>
        <line num="40" count="18" type="cond" truecount="2" falsecount="0"/>
        <line num="42" count="78" type="stmt"/>
        <line num="43" count="2" type="stmt"/>
        <line num="44" count="2" type="stmt"/>
        <line num="45" count="2" type="stmt"/>
        <line num="46" count="2" type="cond" truecount="1" falsecount="1"/>
        <line num="47" count="2" type="cond" truecount="2" falsecount="0"/>
        <line num="48" count="2" type="stmt"/>
        <line num="52" count="78" type="stmt"/>
        <line num="53" count="4" type="stmt"/>
        <line num="54" count="4" type="stmt"/>
        <line num="55" count="4" type="stmt"/>
        <line num="56" count="4" type="stmt"/>
        <line num="57" count="4" type="stmt"/>
        <line num="60" count="78" type="cond" truecount="2" falsecount="0"/>
        <line num="61" count="4" type="stmt"/>
        <line num="75" count="74" type="stmt"/>
        <line num="87" count="12" type="stmt"/>
        <line num="90" count="0" type="stmt"/>
        <line num="105" count="750" type="cond" truecount="2" falsecount="0"/>
        <line num="106" count="750" type="stmt"/>
        <line num="110" count="18" type="stmt"/>
        <line num="115" count="2" type="stmt"/>
        <line num="132" count="0" type="cond" truecount="2" falsecount="0"/>
        <line num="135" count="1" type="cond" truecount="2" falsecount="0"/>
        <line num="140" count="7" type="stmt"/>
        <line num="148" count="0" type="stmt"/>
        <line num="149" count="5" type="stmt"/>
        <line num="152" count="0" type="stmt"/>
        <line num="160" count="8" type="stmt"/>
        <line num="184" count="1" type="stmt"/>
      </file>
    </package>
  </project>
</coverage>
