{"C:\\Users\\Daniel\\Marianita\\Marianita-s-snaks\\frontend\\src\\App.jsx": {"path":"C:\\Users\\Daniel\\Marianita\\Marianita-s-snaks\\frontend\\src\\App.jsx","statementMap":{"0":{"start":{"line":11,"column":6},"end":{"line":13,"column":null}},"1":{"start":{"line":12,"column":2},"end":{"line":13,"column":null}},"2":{"start":{"line":12,"column":8},"end":{"line":12,"column":null}},"3":{"start":{"line":13,"column":10},"end":{"line":13,"column":null}},"4":{"start":{"line":17,"column":10},"end":{"line":17,"column":32}},"5":{"start":{"line":19,"column":18},"end":{"line":19,"column":111}},"6":{"start":{"line":19,"column":59},"end":{"line":19,"column":110}},"7":{"start":{"line":20,"column":19},"end":{"line":20,"column":69}},"8":{"start":{"line":21,"column":20},"end":{"line":21,"column":115}},"9":{"start":{"line":21,"column":59},"end":{"line":21,"column":114}},"10":{"start":{"line":22,"column":15},"end":{"line":22,"column":64}},"11":{"start":{"line":23,"column":19},"end":{"line":23,"column":109}},"12":{"start":{"line":23,"column":59},"end":{"line":23,"column":109}},"13":{"start":{"line":24,"column":23},"end":{"line":24,"column":59}},"14":{"start":{"line":25,"column":26},"end":{"line":25,"column":63}},"15":{"start":{"line":27,"column":2},"end":{"line":27,"column":null}},"16":{"start":{"line":27,"column":20},"end":{"line":27,"column":93}},"17":{"start":{"line":28,"column":2},"end":{"line":28,"column":null}},"18":{"start":{"line":28,"column":20},"end":{"line":28,"column":93}},"19":{"start":{"line":29,"column":2},"end":{"line":29,"column":null}},"20":{"start":{"line":29,"column":20},"end":{"line":29,"column":92}},"21":{"start":{"line":29,"column":34},"end":{"line":29,"column":92}},"22":{"start":{"line":30,"column":2},"end":{"line":30,"column":null}},"23":{"start":{"line":30,"column":20},"end":{"line":30,"column":46}},"24":{"start":{"line":32,"column":2},"end":{"line":34,"column":null}},"25":{"start":{"line":33,"column":4},"end":{"line":33,"column":null}},"26":{"start":{"line":33,"column":40},"end":{"line":33,"column":58}},"27":{"start":{"line":33,"column":60},"end":{"line":33,"column":null}},"28":{"start":{"line":36,"column":24},"end":{"line":36,"column":60}},"29":{"start":{"line":36,"column":42},"end":{"line":36,"column":60}},"30":{"start":{"line":38,"column":8},"end":{"line":47,"column":null}},"31":{"start":{"line":39,"column":22},"end":{"line":45,"column":null}},"32":{"start":{"line":46,"column":4},"end":{"line":46,"column":null}},"33":{"start":{"line":46,"column":23},"end":{"line":46,"column":43}},"34":{"start":{"line":47,"column":4},"end":{"line":47,"column":null}},"35":{"start":{"line":50,"column":8},"end":{"line":52,"column":null}},"36":{"start":{"line":51,"column":4},"end":{"line":51,"column":null}},"37":{"start":{"line":51,"column":27},"end":{"line":51,"column":null}},"38":{"start":{"line":52,"column":4},"end":{"line":52,"column":null}},"39":{"start":{"line":55,"column":8},"end":{"line":65,"column":null}},"40":{"start":{"line":56,"column":19},"end":{"line":56,"column":43}},"41":{"start":{"line":57,"column":25},"end":{"line":64,"column":7}},"42":{"start":{"line":57,"column":49},"end":{"line":64,"column":7}},"43":{"start":{"line":65,"column":4},"end":{"line":65,"column":null}},"44":{"start":{"line":65,"column":25},"end":{"line":65,"column":51}},"45":{"start":{"line":68,"column":8},"end":{"line":69,"column":85}},"46":{"start":{"line":69,"column":4},"end":{"line":69,"column":85}},"47":{"start":{"line":69,"column":24},"end":{"line":69,"column":84}},"48":{"start":{"line":69,"column":38},"end":{"line":69,"column":84}},"49":{"start":{"line":71,"column":8},"end":{"line":72,"column":73}},"50":{"start":{"line":72,"column":4},"end":{"line":72,"column":73}},"51":{"start":{"line":72,"column":24},"end":{"line":72,"column":72}},"52":{"start":{"line":72,"column":38},"end":{"line":72,"column":72}},"53":{"start":{"line":74,"column":8},"end":{"line":78,"column":6}},"54":{"start":{"line":75,"column":4},"end":{"line":78,"column":6}},"55":{"start":{"line":75,"column":24},"end":{"line":77,"column":null}},"56":{"start":{"line":80,"column":17},"end":{"line":84,"column":null}},"57":{"start":{"line":86,"column":2},"end":{"line":129,"column":null}},"58":{"start":{"line":91,"column":28},"end":{"line":91,"column":null}},"59":{"start":{"line":118,"column":40},"end":{"line":118,"column":64}},"60":{"start":{"line":127,"column":27},"end":{"line":127,"column":null}},"61":{"start":{"line":127,"column":46},"end":{"line":127,"column":null}}},"fnMap":{"0":{"name":"(anonymous_0)","decl":{"start":{"line":11,"column":6},"end":{"line":11,"column":25}},"loc":{"start":{"line":11,"column":43},"end":{"line":13,"column":null}},"line":11},"1":{"name":"App","decl":{"start":{"line":16,"column":24},"end":{"line":16,"column":30}},"loc":{"start":{"line":16,"column":30},"end":{"line":129,"column":null}},"line":16},"2":{"name":"(anonymous_2)","decl":{"start":{"line":19,"column":44},"end":{"line":19,"column":59}},"loc":{"start":{"line":19,"column":59},"end":{"line":19,"column":110}},"line":19},"3":{"name":"(anonymous_3)","decl":{"start":{"line":21,"column":44},"end":{"line":21,"column":59}},"loc":{"start":{"line":21,"column":59},"end":{"line":21,"column":114}},"line":21},"4":{"name":"(anonymous_4)","decl":{"start":{"line":23,"column":44},"end":{"line":23,"column":59}},"loc":{"start":{"line":23,"column":59},"end":{"line":23,"column":109}},"line":23},"5":{"name":"(anonymous_5)","decl":{"start":{"line":27,"column":2},"end":{"line":27,"column":18}},"loc":{"start":{"line":27,"column":18},"end":{"line":27,"column":94}},"line":27},"6":{"name":"(anonymous_6)","decl":{"start":{"line":28,"column":2},"end":{"line":28,"column":18}},"loc":{"start":{"line":28,"column":18},"end":{"line":28,"column":94}},"line":28},"7":{"name":"(anonymous_7)","decl":{"start":{"line":29,"column":2},"end":{"line":29,"column":18}},"loc":{"start":{"line":29,"column":18},"end":{"line":29,"column":93}},"line":29},"8":{"name":"(anonymous_8)","decl":{"start":{"line":30,"column":2},"end":{"line":30,"column":18}},"loc":{"start":{"line":30,"column":18},"end":{"line":30,"column":47}},"line":30},"9":{"name":"(anonymous_9)","decl":{"start":{"line":32,"column":2},"end":{"line":32,"column":18}},"loc":{"start":{"line":32,"column":18},"end":{"line":34,"column":7}},"line":32},"10":{"name":"(anonymous_10)","decl":{"start":{"line":33,"column":30},"end":{"line":33,"column":35}},"loc":{"start":{"line":33,"column":40},"end":{"line":33,"column":58}},"line":33},"11":{"name":"(anonymous_11)","decl":{"start":{"line":36,"column":32},"end":{"line":36,"column":37}},"loc":{"start":{"line":36,"column":42},"end":{"line":36,"column":60}},"line":36},"12":{"name":"(anonymous_12)","decl":{"start":{"line":38,"column":8},"end":{"line":38,"column":26}},"loc":{"start":{"line":38,"column":58},"end":{"line":47,"column":null}},"line":38},"13":{"name":"(anonymous_13)","decl":{"start":{"line":46,"column":4},"end":{"line":46,"column":15}},"loc":{"start":{"line":46,"column":23},"end":{"line":46,"column":43}},"line":46},"14":{"name":"(anonymous_14)","decl":{"start":{"line":50,"column":8},"end":{"line":50,"column":25}},"loc":{"start":{"line":50,"column":31},"end":{"line":52,"column":null}},"line":50},"15":{"name":"(anonymous_15)","decl":{"start":{"line":55,"column":8},"end":{"line":55,"column":25}},"loc":{"start":{"line":55,"column":57},"end":{"line":65,"column":null}},"line":55},"16":{"name":"(anonymous_16)","decl":{"start":{"line":57,"column":31},"end":{"line":57,"column":36}},"loc":{"start":{"line":57,"column":49},"end":{"line":64,"column":7}},"line":57},"17":{"name":"(anonymous_17)","decl":{"start":{"line":65,"column":4},"end":{"line":65,"column":17}},"loc":{"start":{"line":65,"column":25},"end":{"line":65,"column":51}},"line":65},"18":{"name":"(anonymous_18)","decl":{"start":{"line":68,"column":8},"end":{"line":68,"column":25}},"loc":{"start":{"line":69,"column":4},"end":{"line":69,"column":85}},"line":69},"19":{"name":"(anonymous_19)","decl":{"start":{"line":69,"column":4},"end":{"line":69,"column":16}},"loc":{"start":{"line":69,"column":24},"end":{"line":69,"column":84}},"line":69},"20":{"name":"(anonymous_20)","decl":{"start":{"line":69,"column":29},"end":{"line":69,"column":33}},"loc":{"start":{"line":69,"column":38},"end":{"line":69,"column":84}},"line":69},"21":{"name":"(anonymous_21)","decl":{"start":{"line":71,"column":8},"end":{"line":71,"column":21}},"loc":{"start":{"line":72,"column":4},"end":{"line":72,"column":73}},"line":72},"22":{"name":"(anonymous_22)","decl":{"start":{"line":72,"column":4},"end":{"line":72,"column":16}},"loc":{"start":{"line":72,"column":24},"end":{"line":72,"column":72}},"line":72},"23":{"name":"(anonymous_23)","decl":{"start":{"line":72,"column":29},"end":{"line":72,"column":33}},"loc":{"start":{"line":72,"column":38},"end":{"line":72,"column":72}},"line":72},"24":{"name":"(anonymous_24)","decl":{"start":{"line":74,"column":8},"end":{"line":74,"column":22}},"loc":{"start":{"line":75,"column":4},"end":{"line":78,"column":6}},"line":75},"25":{"name":"(anonymous_25)","decl":{"start":{"line":75,"column":4},"end":{"line":75,"column":16}},"loc":{"start":{"line":75,"column":24},"end":{"line":77,"column":null}},"line":75},"26":{"name":"(anonymous_26)","decl":{"start":{"line":91,"column":8},"end":{"line":91,"column":28}},"loc":{"start":{"line":91,"column":28},"end":{"line":91,"column":null}},"line":91},"27":{"name":"(anonymous_27)","decl":{"start":{"line":118,"column":23},"end":{"line":118,"column":40}},"loc":{"start":{"line":118,"column":40},"end":{"line":118,"column":64}},"line":118},"28":{"name":"(anonymous_28)","decl":{"start":{"line":127,"column":10},"end":{"line":127,"column":25}},"loc":{"start":{"line":127,"column":25},"end":{"line":127,"column":null}},"line":127}},"branchMap":{"0":{"loc":{"start":{"line":12,"column":15},"end":{"line":12,"column":null}},"type":"binary-expr","locations":[{"start":{"line":12,"column":15},"end":{"line":12,"column":52}},{"start":{"line":12,"column":56},"end":{"line":12,"column":null}}],"line":12},"1":{"loc":{"start":{"line":23,"column":59},"end":{"line":23,"column":109}},"type":"binary-expr","locations":[{"start":{"line":23,"column":59},"end":{"line":23,"column":100}},{"start":{"line":23,"column":104},"end":{"line":23,"column":109}}],"line":23},"2":{"loc":{"start":{"line":29,"column":20},"end":{"line":29,"column":92}},"type":"if","locations":[{"start":{"line":29,"column":20},"end":{"line":29,"column":92}},{"start":{},"end":{}}],"line":29},"3":{"loc":{"start":{"line":33,"column":4},"end":{"line":33,"column":null}},"type":"if","locations":[{"start":{"line":33,"column":4},"end":{"line":33,"column":null}},{"start":{},"end":{}}],"line":33},"4":{"loc":{"start":{"line":33,"column":8},"end":{"line":33,"column":58}},"type":"binary-expr","locations":[{"start":{"line":33,"column":8},"end":{"line":33,"column":21}},{"start":{"line":33,"column":21},"end":{"line":33,"column":58}}],"line":33},"5":{"loc":{"start":{"line":51,"column":4},"end":{"line":51,"column":null}},"type":"if","locations":[{"start":{"line":51,"column":4},"end":{"line":51,"column":null}},{"start":{},"end":{}}],"line":51},"6":{"loc":{"start":{"line":69,"column":38},"end":{"line":69,"column":84}},"type":"cond-expr","locations":[{"start":{"line":69,"column":52},"end":{"line":69,"column":82}},{"start":{"line":69,"column":82},"end":{"line":69,"column":84}}],"line":69},"7":{"loc":{"start":{"line":72,"column":38},"end":{"line":72,"column":72}},"type":"cond-expr","locations":[{"start":{"line":72,"column":52},"end":{"line":72,"column":70}},{"start":{"line":72,"column":70},"end":{"line":72,"column":72}}],"line":72},"8":{"loc":{"start":{"line":90,"column":16},"end":{"line":90,"column":null}},"type":"cond-expr","locations":[{"start":{"line":90,"column":39},"end":{"line":90,"column":55}},{"start":{"line":90,"column":55},"end":{"line":90,"column":null}}],"line":90},"9":{"loc":{"start":{"line":94,"column":9},"end":{"line":99,"column":null}},"type":"binary-expr","locations":[{"start":{"line":94,"column":9},"end":{"line":94,"column":32}},{"start":{"line":94,"column":32},"end":{"line":94,"column":null}},{"start":{"line":95,"column":10},"end":{"line":99,"column":null}}],"line":94},"10":{"loc":{"start":{"line":101,"column":9},"end":{"line":106,"column":null}},"type":"binary-expr","locations":[{"start":{"line":101,"column":9},"end":{"line":101,"column":35}},{"start":{"line":101,"column":35},"end":{"line":101,"column":null}},{"start":{"line":102,"column":10},"end":{"line":106,"column":null}}],"line":101},"11":{"loc":{"start":{"line":108,"column":9},"end":{"line":118,"column":null}},"type":"binary-expr","locations":[{"start":{"line":108,"column":9},"end":{"line":108,"column":null}},{"start":{"line":109,"column":10},"end":{"line":118,"column":null}}],"line":108},"12":{"loc":{"start":{"line":109,"column":10},"end":{"line":118,"column":null}},"type":"cond-expr","locations":[{"start":{"line":110,"column":14},"end":{"line":118,"column":15}},{"start":{"line":118,"column":14},"end":{"line":118,"column":null}}],"line":109},"13":{"loc":{"start":{"line":122,"column":7},"end":{"line":129,"column":null}},"type":"binary-expr","locations":[{"start":{"line":122,"column":7},"end":{"line":122,"column":null}},{"start":{"line":123,"column":8},"end":{"line":129,"column":null}}],"line":122},"14":{"loc":{"start":{"line":127,"column":27},"end":{"line":127,"column":null}},"type":"if","locations":[{"start":{"line":127,"column":27},"end":{"line":127,"column":null}},{"start":{},"end":{}}],"line":127}},"s":{"0":1,"1":22,"2":22,"3":0,"4":26,"5":26,"6":11,"7":26,"8":26,"9":11,"10":26,"11":26,"12":11,"13":26,"14":26,"15":26,"16":13,"17":26,"18":11,"19":26,"20":13,"21":10,"22":26,"23":24,"24":26,"25":11,"26":7,"27":4,"28":26,"29":18,"30":26,"31":2,"32":2,"33":2,"34":2,"35":26,"36":6,"37":2,"38":6,"39":26,"40":0,"41":0,"42":0,"43":0,"44":0,"45":26,"46":0,"47":0,"48":0,"49":26,"50":0,"51":0,"52":0,"53":26,"54":0,"55":0,"56":26,"57":26,"58":1,"59":2,"60":2,"61":0},"f":{"0":22,"1":26,"2":11,"3":11,"4":11,"5":13,"6":11,"7":13,"8":24,"9":11,"10":7,"11":18,"12":2,"13":2,"14":6,"15":0,"16":0,"17":0,"18":0,"19":0,"20":0,"21":0,"22":0,"23":0,"24":0,"25":0,"26":1,"27":2,"28":2},"b":{"0":[22,14],"1":[11,3],"2":[10,3],"3":[4,7],"4":[11,8],"5":[2,4],"6":[0,0],"7":[0,0],"8":[20,6],"9":[26,19,11],"10":[26,1,1],"11":[26,6],"12":[2,4],"13":[26,7],"14":[0,2]},"meta":{"lastBranch":15,"lastFunction":29,"lastStatement":62,"seen":{"s:11:6:13:Infinity":0,"f:11:6:11:25":0,"s:12:2:13:Infinity":1,"s:12:8:12:Infinity":2,"b:12:15:12:52:12:56:12:Infinity":0,"s:13:10:13:Infinity":3,"f:16:24:16:30":1,"s:17:10:17:32":4,"s:19:18:19:111":5,"f:19:44:19:59":2,"s:19:59:19:110":6,"s:20:19:20:69":7,"s:21:20:21:115":8,"f:21:44:21:59":3,"s:21:59:21:114":9,"s:22:15:22:64":10,"s:23:19:23:109":11,"f:23:44:23:59":4,"s:23:59:23:109":12,"b:23:59:23:100:23:104:23:109":1,"s:24:23:24:59":13,"s:25:26:25:63":14,"s:27:2:27:Infinity":15,"f:27:2:27:18":5,"s:27:20:27:93":16,"s:28:2:28:Infinity":17,"f:28:2:28:18":6,"s:28:20:28:93":18,"s:29:2:29:Infinity":19,"f:29:2:29:18":7,"b:29:20:29:92:undefined:undefined:undefined:undefined":2,"s:29:20:29:92":20,"s:29:34:29:92":21,"s:30:2:30:Infinity":22,"f:30:2:30:18":8,"s:30:20:30:46":23,"s:32:2:34:Infinity":24,"f:32:2:32:18":9,"b:33:4:33:Infinity:undefined:undefined:undefined:undefined":3,"s:33:4:33:Infinity":25,"b:33:8:33:21:33:21:33:58":4,"f:33:30:33:35":10,"s:33:40:33:58":26,"s:33:60:33:Infinity":27,"s:36:24:36:60":28,"f:36:32:36:37":11,"s:36:42:36:60":29,"s:38:8:47:Infinity":30,"f:38:8:38:26":12,"s:39:22:45:Infinity":31,"s:46:4:46:Infinity":32,"f:46:4:46:15":13,"s:46:23:46:43":33,"s:47:4:47:Infinity":34,"s:50:8:52:Infinity":35,"f:50:8:50:25":14,"b:51:4:51:Infinity:undefined:undefined:undefined:undefined":5,"s:51:4:51:Infinity":36,"s:51:27:51:Infinity":37,"s:52:4:52:Infinity":38,"s:55:8:65:Infinity":39,"f:55:8:55:25":15,"s:56:19:56:43":40,"s:57:25:64:7":41,"f:57:31:57:36":16,"s:57:49:64:7":42,"s:65:4:65:Infinity":43,"f:65:4:65:17":17,"s:65:25:65:51":44,"s:68:8:69:85":45,"f:68:8:68:25":18,"s:69:4:69:85":46,"f:69:4:69:16":19,"s:69:24:69:84":47,"f:69:29:69:33":20,"s:69:38:69:84":48,"b:69:52:69:82:69:82:69:84":6,"s:71:8:72:73":49,"f:71:8:71:21":21,"s:72:4:72:73":50,"f:72:4:72:16":22,"s:72:24:72:72":51,"f:72:29:72:33":23,"s:72:38:72:72":52,"b:72:52:72:70:72:70:72:72":7,"s:74:8:78:6":53,"f:74:8:74:22":24,"s:75:4:78:6":54,"f:75:4:75:16":25,"s:75:24:77:Infinity":55,"s:80:17:84:Infinity":56,"s:86:2:129:Infinity":57,"b:90:39:90:55:90:55:90:Infinity":8,"f:91:8:91:28":26,"s:91:28:91:Infinity":58,"b:94:9:94:32:94:32:94:Infinity:95:10:99:Infinity":9,"b:101:9:101:35:101:35:101:Infinity:102:10:106:Infinity":10,"b:108:9:108:Infinity:109:10:118:Infinity":11,"b:110:14:118:15:118:14:118:Infinity":12,"f:118:23:118:40":27,"s:118:40:118:64":59,"b:122:7:122:Infinity:123:8:129:Infinity":13,"f:127:10:127:25":28,"b:127:27:127:Infinity:undefined:undefined:undefined:undefined":14,"s:127:27:127:Infinity":60,"s:127:46:127:Infinity":61}}}
,"C:\\Users\\Daniel\\Marianita\\Marianita-s-snaks\\frontend\\src\\Components.jsx": {"path":"C:\\Users\\Daniel\\Marianita\\Marianita-s-snaks\\frontend\\src\\Components.jsx","statementMap":{"0":{"start":{"line":6,"column":14},"end":{"line":10,"column":null}},"1":{"start":{"line":13,"column":10},"end":{"line":13,"column":35}},"2":{"start":{"line":14,"column":2},"end":{"line":14,"column":null}},"3":{"start":{"line":14,"column":20},"end":{"line":14,"column":45}},"4":{"start":{"line":15,"column":2},"end":{"line":40,"column":null}},"5":{"start":{"line":27,"column":12},"end":{"line":33,"column":null}},"6":{"start":{"line":30,"column":29},"end":{"line":30,"column":56}},"7":{"start":{"line":49,"column":10},"end":{"line":49,"column":32}},"8":{"start":{"line":50,"column":2},"end":{"line":50,"column":null}},"9":{"start":{"line":50,"column":20},"end":{"line":50,"column":45}},"10":{"start":{"line":51,"column":16},"end":{"line":55,"column":null}},"11":{"start":{"line":56,"column":2},"end":{"line":68,"column":null}},"12":{"start":{"line":59,"column":8},"end":{"line":66,"column":null}},"13":{"start":{"line":62,"column":25},"end":{"line":62,"column":41}},"14":{"start":{"line":73,"column":10},"end":{"line":73,"column":32}},"15":{"start":{"line":74,"column":2},"end":{"line":74,"column":null}},"16":{"start":{"line":74,"column":20},"end":{"line":74,"column":45}},"17":{"start":{"line":75,"column":2},"end":{"line":78,"column":null}},"18":{"start":{"line":84,"column":10},"end":{"line":84,"column":32}},"19":{"start":{"line":85,"column":15},"end":{"line":85,"column":52}},"20":{"start":{"line":86,"column":21},"end":{"line":86,"column":50}},"21":{"start":{"line":87,"column":15},"end":{"line":87,"column":48}},"22":{"start":{"line":88,"column":16},"end":{"line":88,"column":48}},"23":{"start":{"line":89,"column":16},"end":{"line":89,"column":48}},"24":{"start":{"line":91,"column":2},"end":{"line":91,"column":null}},"25":{"start":{"line":91,"column":20},"end":{"line":91,"column":45}},"26":{"start":{"line":93,"column":8},"end":{"line":102,"column":null}},"27":{"start":{"line":94,"column":23},"end":{"line":94,"column":40}},"28":{"start":{"line":95,"column":23},"end":{"line":95,"column":34}},"29":{"start":{"line":96,"column":23},"end":{"line":96,"column":35}},"30":{"start":{"line":97,"column":4},"end":{"line":97,"column":null}},"31":{"start":{"line":97,"column":60},"end":{"line":97,"column":null}},"32":{"start":{"line":98,"column":4},"end":{"line":98,"column":null}},"33":{"start":{"line":98,"column":60},"end":{"line":98,"column":null}},"34":{"start":{"line":99,"column":4},"end":{"line":99,"column":null}},"35":{"start":{"line":99,"column":60},"end":{"line":99,"column":null}},"36":{"start":{"line":100,"column":4},"end":{"line":100,"column":null}},"37":{"start":{"line":100,"column":26},"end":{"line":100,"column":51}},"38":{"start":{"line":100,"column":60},"end":{"line":100,"column":null}},"39":{"start":{"line":101,"column":4},"end":{"line":101,"column":null}},"40":{"start":{"line":102,"column":4},"end":{"line":102,"column":null}},"41":{"start":{"line":105,"column":2},"end":{"line":187,"column":null}},"42":{"start":{"line":107,"column":43},"end":{"line":107,"column":62}},"43":{"start":{"line":124,"column":16},"end":{"line":134,"column":null}},"44":{"start":{"line":127,"column":35},"end":{"line":127,"column":51}},"45":{"start":{"line":127,"column":51},"end":{"line":127,"column":null}},"46":{"start":{"line":138,"column":62},"end":{"line":138,"column":76}},"47":{"start":{"line":153,"column":33},"end":{"line":153,"column":83}},"48":{"start":{"line":153,"column":83},"end":{"line":153,"column":null}},"49":{"start":{"line":163,"column":33},"end":{"line":163,"column":58}},"50":{"start":{"line":163,"column":58},"end":{"line":163,"column":null}},"51":{"start":{"line":174,"column":33},"end":{"line":174,"column":78}},"52":{"start":{"line":174,"column":78},"end":{"line":174,"column":null}},"53":{"start":{"line":181,"column":59},"end":{"line":181,"column":76}},"54":{"start":{"line":181,"column":76},"end":{"line":181,"column":null}},"55":{"start":{"line":192,"column":10},"end":{"line":192,"column":32}},"56":{"start":{"line":193,"column":14},"end":{"line":193,"column":40}},"57":{"start":{"line":194,"column":16},"end":{"line":194,"column":43}},"58":{"start":{"line":195,"column":22},"end":{"line":195,"column":null}},"59":{"start":{"line":197,"column":8},"end":{"line":203,"column":null}},"60":{"start":{"line":198,"column":4},"end":{"line":203,"column":null}},"61":{"start":{"line":199,"column":6},"end":{"line":199,"column":null}},"62":{"start":{"line":201,"column":6},"end":{"line":201,"column":null}},"63":{"start":{"line":202,"column":6},"end":{"line":202,"column":null}},"64":{"start":{"line":203,"column":6},"end":{"line":203,"column":null}},"65":{"start":{"line":203,"column":23},"end":{"line":203,"column":38}},"66":{"start":{"line":207,"column":2},"end":{"line":229,"column":null}},"67":{"start":{"line":220,"column":25},"end":{"line":220,"column":66}},"68":{"start":{"line":221,"column":26},"end":{"line":221,"column":55}}},"fnMap":{"0":{"name":"Header","decl":{"start":{"line":12,"column":16},"end":{"line":12,"column":23}},"loc":{"start":{"line":12,"column":56},"end":{"line":40,"column":null}},"line":12},"1":{"name":"(anonymous_1)","decl":{"start":{"line":14,"column":2},"end":{"line":14,"column":18}},"loc":{"start":{"line":14,"column":18},"end":{"line":14,"column":null}},"line":14},"2":{"name":"(anonymous_2)","decl":{"start":{"line":26,"column":17},"end":{"line":26,"column":21}},"loc":{"start":{"line":27,"column":12},"end":{"line":33,"column":null}},"line":27},"3":{"name":"(anonymous_3)","decl":{"start":{"line":30,"column":14},"end":{"line":30,"column":29}},"loc":{"start":{"line":30,"column":29},"end":{"line":30,"column":56}},"line":30},"4":{"name":"BottomNav","decl":{"start":{"line":48,"column":16},"end":{"line":48,"column":26}},"loc":{"start":{"line":48,"column":45},"end":{"line":68,"column":null}},"line":48},"5":{"name":"(anonymous_5)","decl":{"start":{"line":50,"column":2},"end":{"line":50,"column":18}},"loc":{"start":{"line":50,"column":18},"end":{"line":50,"column":null}},"line":50},"6":{"name":"(anonymous_6)","decl":{"start":{"line":58,"column":13},"end":{"line":58,"column":17}},"loc":{"start":{"line":59,"column":8},"end":{"line":66,"column":null}},"line":59},"7":{"name":"(anonymous_7)","decl":{"start":{"line":62,"column":10},"end":{"line":62,"column":25}},"loc":{"start":{"line":62,"column":25},"end":{"line":62,"column":41}},"line":62},"8":{"name":"MetodoBadge","decl":{"start":{"line":72,"column":16},"end":{"line":72,"column":28}},"loc":{"start":{"line":72,"column":40},"end":{"line":78,"column":null}},"line":72},"9":{"name":"(anonymous_9)","decl":{"start":{"line":74,"column":2},"end":{"line":74,"column":18}},"loc":{"start":{"line":74,"column":18},"end":{"line":74,"column":null}},"line":74},"10":{"name":"PersonPicker","decl":{"start":{"line":83,"column":16},"end":{"line":83,"column":29}},"loc":{"start":{"line":83,"column":80},"end":{"line":187,"column":null}},"line":83},"11":{"name":"(anonymous_11)","decl":{"start":{"line":91,"column":2},"end":{"line":91,"column":18}},"loc":{"start":{"line":91,"column":18},"end":{"line":91,"column":null}},"line":91},"12":{"name":"(anonymous_12)","decl":{"start":{"line":93,"column":8},"end":{"line":93,"column":31}},"loc":{"start":{"line":93,"column":31},"end":{"line":102,"column":null}},"line":93},"13":{"name":"(anonymous_13)","decl":{"start":{"line":100,"column":16},"end":{"line":100,"column":21}},"loc":{"start":{"line":100,"column":26},"end":{"line":100,"column":51}},"line":100},"14":{"name":"(anonymous_14)","decl":{"start":{"line":107,"column":29},"end":{"line":107,"column":38}},"loc":{"start":{"line":107,"column":43},"end":{"line":107,"column":62}},"line":107},"15":{"name":"(anonymous_15)","decl":{"start":{"line":123,"column":23},"end":{"line":123,"column":27}},"loc":{"start":{"line":124,"column":16},"end":{"line":134,"column":null}},"line":124},"16":{"name":"(anonymous_16)","decl":{"start":{"line":127,"column":18},"end":{"line":127,"column":33}},"loc":{"start":{"line":127,"column":33},"end":{"line":127,"column":null}},"line":127},"17":{"name":"(anonymous_17)","decl":{"start":{"line":138,"column":47},"end":{"line":138,"column":62}},"loc":{"start":{"line":138,"column":62},"end":{"line":138,"column":76}},"line":138},"18":{"name":"(anonymous_18)","decl":{"start":{"line":153,"column":16},"end":{"line":153,"column":26}},"loc":{"start":{"line":153,"column":31},"end":{"line":153,"column":null}},"line":153},"19":{"name":"(anonymous_19)","decl":{"start":{"line":163,"column":16},"end":{"line":163,"column":26}},"loc":{"start":{"line":163,"column":31},"end":{"line":163,"column":null}},"line":163},"20":{"name":"(anonymous_20)","decl":{"start":{"line":174,"column":16},"end":{"line":174,"column":26}},"loc":{"start":{"line":174,"column":31},"end":{"line":174,"column":null}},"line":174},"21":{"name":"(anonymous_21)","decl":{"start":{"line":181,"column":42},"end":{"line":181,"column":57}},"loc":{"start":{"line":181,"column":57},"end":{"line":181,"column":null}},"line":181},"22":{"name":"PinGate","decl":{"start":{"line":191,"column":16},"end":{"line":191,"column":24}},"loc":{"start":{"line":191,"column":39},"end":{"line":229,"column":null}},"line":191},"23":{"name":"(anonymous_23)","decl":{"start":{"line":197,"column":8},"end":{"line":197,"column":23}},"loc":{"start":{"line":197,"column":23},"end":{"line":203,"column":null}},"line":197},"24":{"name":"(anonymous_24)","decl":{"start":{"line":203,"column":6},"end":{"line":203,"column":23}},"loc":{"start":{"line":203,"column":23},"end":{"line":203,"column":38}},"line":203},"25":{"name":"(anonymous_25)","decl":{"start":{"line":220,"column":10},"end":{"line":220,"column":20}},"loc":{"start":{"line":220,"column":25},"end":{"line":220,"column":66}},"line":220},"26":{"name":"(anonymous_26)","decl":{"start":{"line":221,"column":10},"end":{"line":221,"column":21}},"loc":{"start":{"line":221,"column":26},"end":{"line":221,"column":55}},"line":221}},"branchMap":{"0":{"loc":{"start":{"line":29,"column":25},"end":{"line":29,"column":null}},"type":"cond-expr","locations":[{"start":{"line":29,"column":52},"end":{"line":29,"column":59}},{"start":{"line":29,"column":59},"end":{"line":29,"column":null}}],"line":29},"1":{"loc":{"start":{"line":36,"column":9},"end":{"line":40,"column":null}},"type":"binary-expr","locations":[{"start":{"line":36,"column":9},"end":{"line":36,"column":null}},{"start":{"line":37,"column":10},"end":{"line":40,"column":null}}],"line":36},"2":{"loc":{"start":{"line":61,"column":36},"end":{"line":61,"column":null}},"type":"cond-expr","locations":[{"start":{"line":61,"column":55},"end":{"line":61,"column":66}},{"start":{"line":61,"column":66},"end":{"line":61,"column":null}}],"line":61},"3":{"loc":{"start":{"line":77,"column":22},"end":{"line":77,"column":79}},"type":"cond-expr","locations":[{"start":{"line":77,"column":42},"end":{"line":77,"column":55}},{"start":{"line":77,"column":55},"end":{"line":77,"column":79}}],"line":77},"4":{"loc":{"start":{"line":78,"column":7},"end":{"line":78,"column":70}},"type":"cond-expr","locations":[{"start":{"line":78,"column":27},"end":{"line":78,"column":45}},{"start":{"line":78,"column":48},"end":{"line":78,"column":70}}],"line":78},"5":{"loc":{"start":{"line":97,"column":4},"end":{"line":97,"column":null}},"type":"if","locations":[{"start":{"line":97,"column":4},"end":{"line":97,"column":null}},{"start":{},"end":{}}],"line":97},"6":{"loc":{"start":{"line":98,"column":4},"end":{"line":98,"column":null}},"type":"if","locations":[{"start":{"line":98,"column":4},"end":{"line":98,"column":null}},{"start":{},"end":{}}],"line":98},"7":{"loc":{"start":{"line":99,"column":4},"end":{"line":99,"column":null}},"type":"if","locations":[{"start":{"line":99,"column":4},"end":{"line":99,"column":null}},{"start":{},"end":{}}],"line":99},"8":{"loc":{"start":{"line":99,"column":8},"end":{"line":99,"column":60}},"type":"binary-expr","locations":[{"start":{"line":99,"column":8},"end":{"line":99,"column":23}},{"start":{"line":99,"column":23},"end":{"line":99,"column":60}}],"line":99},"9":{"loc":{"start":{"line":100,"column":4},"end":{"line":100,"column":null}},"type":"if","locations":[{"start":{"line":100,"column":4},"end":{"line":100,"column":null}},{"start":{},"end":{}}],"line":100},"10":{"loc":{"start":{"line":109,"column":15},"end":{"line":109,"column":82}},"type":"cond-expr","locations":[{"start":{"line":109,"column":33},"end":{"line":109,"column":54}},{"start":{"line":109,"column":57},"end":{"line":109,"column":82}}],"line":109},"11":{"loc":{"start":{"line":115,"column":9},"end":{"line":183,"column":null}},"type":"cond-expr","locations":[{"start":{"line":116,"column":10},"end":{"line":144,"column":11}},{"start":{"line":144,"column":10},"end":{"line":183,"column":null}}],"line":115},"12":{"loc":{"start":{"line":118,"column":15},"end":{"line":123,"column":23}},"type":"binary-expr","locations":[{"start":{"line":118,"column":15},"end":{"line":118,"column":null}},{"start":{"line":119,"column":16},"end":{"line":123,"column":23}}],"line":118},"13":{"loc":{"start":{"line":126,"column":47},"end":{"line":126,"column":null}},"type":"cond-expr","locations":[{"start":{"line":126,"column":64},"end":{"line":126,"column":72}},{"start":{"line":126,"column":72},"end":{"line":126,"column":null}}],"line":126},"14":{"loc":{"start":{"line":133,"column":19},"end":{"line":133,"column":null}},"type":"binary-expr","locations":[{"start":{"line":133,"column":19},"end":{"line":133,"column":37}},{"start":{"line":133,"column":37},"end":{"line":133,"column":null}}],"line":133},"15":{"loc":{"start":{"line":177,"column":13},"end":{"line":177,"column":null}},"type":"binary-expr","locations":[{"start":{"line":177,"column":13},"end":{"line":177,"column":22}},{"start":{"line":177,"column":22},"end":{"line":177,"column":null}}],"line":177},"16":{"loc":{"start":{"line":198,"column":4},"end":{"line":203,"column":null}},"type":"if","locations":[{"start":{"line":198,"column":4},"end":{"line":203,"column":null}},{"start":{"line":200,"column":11},"end":{"line":203,"column":null}}],"line":198},"17":{"loc":{"start":{"line":214,"column":36},"end":{"line":214,"column":null}},"type":"cond-expr","locations":[{"start":{"line":214,"column":44},"end":{"line":214,"column":59}},{"start":{"line":214,"column":59},"end":{"line":214,"column":null}}],"line":214},"18":{"loc":{"start":{"line":221,"column":26},"end":{"line":221,"column":55}},"type":"binary-expr","locations":[{"start":{"line":221,"column":26},"end":{"line":221,"column":47}},{"start":{"line":221,"column":47},"end":{"line":221,"column":55}}],"line":221},"19":{"loc":{"start":{"line":224,"column":9},"end":{"line":224,"column":null}},"type":"binary-expr","locations":[{"start":{"line":224,"column":9},"end":{"line":224,"column":18}},{"start":{"line":224,"column":18},"end":{"line":224,"column":null}}],"line":224}},"s":{"0":3,"1":32,"2":32,"3":32,"4":32,"5":96,"6":0,"7":29,"8":29,"9":29,"10":29,"11":29,"12":87,"13":7,"14":28,"15":28,"16":28,"17":28,"18":135,"19":135,"20":135,"21":135,"22":135,"23":135,"24":135,"25":135,"26":135,"27":7,"28":7,"29":7,"30":7,"31":1,"32":6,"33":6,"34":5,"35":1,"36":4,"37":1,"38":1,"39":3,"40":3,"41":135,"42":34,"43":6,"44":1,"45":1,"46":9,"47":18,"48":18,"49":40,"50":40,"51":45,"52":45,"53":1,"54":1,"55":41,"56":41,"57":41,"58":41,"59":41,"60":7,"61":4,"62":3,"63":3,"64":3,"65":0,"66":41,"67":28,"68":29},"f":{"0":32,"1":32,"2":96,"3":0,"4":29,"5":29,"6":87,"7":7,"8":28,"9":28,"10":135,"11":135,"12":7,"13":1,"14":34,"15":6,"16":1,"17":9,"18":18,"19":40,"20":45,"21":1,"22":41,"23":7,"24":0,"25":28,"26":29},"b":{"0":[32,64],"1":[32,14],"2":[29,58],"3":[18,10],"4":[18,10],"5":[1,6],"6":[1,5],"7":[1,4],"8":[5,5],"9":[1,3],"10":[17,118],"11":[17,118],"12":[17,12],"13":[2,4],"14":[6,2],"15":[118,4],"16":[4,3],"17":[3,38],"18":[29,1],"19":[41,3]},"meta":{"lastBranch":20,"lastFunction":27,"lastStatement":69,"seen":{"s:6:14:10:Infinity":0,"f:12:16:12:23":0,"s:13:10:13:35":1,"s:14:2:14:Infinity":2,"f:14:2:14:18":1,"s:14:20:14:45":3,"s:15:2:40:Infinity":4,"f:26:17:26:21":2,"s:27:12:33:Infinity":5,"b:29:52:29:59:29:59:29:Infinity":0,"f:30:14:30:29":3,"s:30:29:30:56":6,"b:36:9:36:Infinity:37:10:40:Infinity":1,"f:48:16:48:26":4,"s:49:10:49:32":7,"s:50:2:50:Infinity":8,"f:50:2:50:18":5,"s:50:20:50:45":9,"s:51:16:55:Infinity":10,"s:56:2:68:Infinity":11,"f:58:13:58:17":6,"s:59:8:66:Infinity":12,"b:61:55:61:66:61:66:61:Infinity":2,"f:62:10:62:25":7,"s:62:25:62:41":13,"f:72:16:72:28":8,"s:73:10:73:32":14,"s:74:2:74:Infinity":15,"f:74:2:74:18":9,"s:74:20:74:45":16,"s:75:2:78:Infinity":17,"b:77:42:77:55:77:55:77:79":3,"b:78:27:78:45:78:48:78:70":4,"f:83:16:83:29":10,"s:84:10:84:32":18,"s:85:15:85:52":19,"s:86:21:86:50":20,"s:87:15:87:48":21,"s:88:16:88:48":22,"s:89:16:89:48":23,"s:91:2:91:Infinity":24,"f:91:2:91:18":11,"s:91:20:91:45":25,"s:93:8:102:Infinity":26,"f:93:8:93:31":12,"s:94:23:94:40":27,"s:95:23:95:34":28,"s:96:23:96:35":29,"b:97:4:97:Infinity:undefined:undefined:undefined:undefined":5,"s:97:4:97:Infinity":30,"s:97:60:97:Infinity":31,"b:98:4:98:Infinity:undefined:undefined:undefined:undefined":6,"s:98:4:98:Infinity":32,"s:98:60:98:Infinity":33,"b:99:4:99:Infinity:undefined:undefined:undefined:undefined":7,"s:99:4:99:Infinity":34,"b:99:8:99:23:99:23:99:60":8,"s:99:60:99:Infinity":35,"b:100:4:100:Infinity:undefined:undefined:undefined:undefined":9,"s:100:4:100:Infinity":36,"f:100:16:100:21":13,"s:100:26:100:51":37,"s:100:60:100:Infinity":38,"s:101:4:101:Infinity":39,"s:102:4:102:Infinity":40,"s:105:2:187:Infinity":41,"f:107:29:107:38":14,"s:107:43:107:62":42,"b:109:33:109:54:109:57:109:82":10,"b:116:10:144:11:144:10:183:Infinity":11,"b:118:15:118:Infinity:119:16:123:23":12,"f:123:23:123:27":15,"s:124:16:134:Infinity":43,"b:126:64:126:72:126:72:126:Infinity":13,"f:127:18:127:33":16,"s:127:35:127:51":44,"s:127:51:127:Infinity":45,"b:133:19:133:37:133:37:133:Infinity":14,"f:138:47:138:62":17,"s:138:62:138:76":46,"f:153:16:153:26":18,"s:153:33:153:83":47,"s:153:83:153:Infinity":48,"f:163:16:163:26":19,"s:163:33:163:58":49,"s:163:58:163:Infinity":50,"f:174:16:174:26":20,"s:174:33:174:78":51,"s:174:78:174:Infinity":52,"b:177:13:177:22:177:22:177:Infinity":15,"f:181:42:181:57":21,"s:181:59:181:76":53,"s:181:76:181:Infinity":54,"f:191:16:191:24":22,"s:192:10:192:32":55,"s:193:14:193:40":56,"s:194:16:194:43":57,"s:195:22:195:Infinity":58,"s:197:8:203:Infinity":59,"f:197:8:197:23":23,"b:198:4:203:Infinity:200:11:203:Infinity":16,"s:198:4:203:Infinity":60,"s:199:6:199:Infinity":61,"s:201:6:201:Infinity":62,"s:202:6:202:Infinity":63,"s:203:6:203:Infinity":64,"f:203:6:203:23":24,"s:203:23:203:38":65,"s:207:2:229:Infinity":66,"b:214:44:214:59:214:59:214:Infinity":17,"f:220:10:220:20":25,"s:220:25:220:66":67,"f:221:10:221:21":26,"s:221:26:221:55":68,"b:221:26:221:47:221:47:221:55":18,"b:224:9:224:18:224:18:224:Infinity":19}}}
,"C:\\Users\\Daniel\\Marianita\\Marianita-s-snaks\\frontend\\src\\api.js": {"path":"C:\\Users\\Daniel\\Marianita\\Marianita-s-snaks\\frontend\\src\\api.js","statementMap":{"0":{"start":{"line":1,"column":13},"end":{"line":1,"column":null}},"1":{"start":{"line":4,"column":14},"end":{"line":4,"column":45}},"2":{"start":{"line":5,"column":2},"end":{"line":5,"column":null}},"3":{"start":{"line":9,"column":14},"end":{"line":9,"column":46}},"4":{"start":{"line":10,"column":2},"end":{"line":10,"column":null}},"5":{"start":{"line":14,"column":14},"end":{"line":18,"column":4}},"6":{"start":{"line":19,"column":2},"end":{"line":19,"column":null}},"7":{"start":{"line":23,"column":17},"end":{"line":23,"column":88}},"8":{"start":{"line":24,"column":14},"end":{"line":24,"column":63}},"9":{"start":{"line":25,"column":2},"end":{"line":25,"column":null}}},"fnMap":{"0":{"name":"getPersonas","decl":{"start":{"line":3,"column":22},"end":{"line":3,"column":36}},"loc":{"start":{"line":3,"column":36},"end":{"line":5,"column":null}},"line":3},"1":{"name":"getProductos","decl":{"start":{"line":8,"column":22},"end":{"line":8,"column":37}},"loc":{"start":{"line":8,"column":37},"end":{"line":10,"column":null}},"line":8},"2":{"name":"postCompra","decl":{"start":{"line":13,"column":22},"end":{"line":13,"column":33}},"loc":{"start":{"line":13,"column":39},"end":{"line":19,"column":null}},"line":13},"3":{"name":"getResumen","decl":{"start":{"line":22,"column":22},"end":{"line":22,"column":33}},"loc":{"start":{"line":22,"column":60},"end":{"line":25,"column":null}},"line":22}},"branchMap":{},"s":{"0":0,"1":0,"2":0,"3":0,"4":0,"5":0,"6":0,"7":0,"8":0,"9":0},"f":{"0":0,"1":0,"2":0,"3":0},"b":{},"meta":{"lastBranch":0,"lastFunction":4,"lastStatement":10,"seen":{"s:1:13:1:Infinity":0,"f:3:22:3:36":0,"s:4:14:4:45":1,"s:5:2:5:Infinity":2,"f:8:22:8:37":1,"s:9:14:9:46":3,"s:10:2:10:Infinity":4,"f:13:22:13:33":2,"s:14:14:18:4":5,"s:19:2:19:Infinity":6,"f:22:22:22:33":3,"s:23:17:23:88":7,"s:24:14:24:63":8,"s:25:2:25:Infinity":9}}}
,"C:\\Users\\Daniel\\Marianita\\Marianita-s-snaks\\frontend\\src\\data.js": {"path":"C:\\Users\\Daniel\\Marianita\\Marianita-s-snaks\\frontend\\src\\data.js","statementMap":{"0":{"start":{"line":1,"column":30},"end":{"line":1,"column":32}},"1":{"start":{"line":3,"column":31},"end":{"line":62,"column":null}},"2":{"start":{"line":64,"column":32},"end":{"line":64,"column":34}},"3":{"start":{"line":66,"column":13},"end":{"line":67,"column":59}},"4":{"start":{"line":67,"column":2},"end":{"line":67,"column":59}},"5":{"start":{"line":69,"column":19},"end":{"line":69,"column":null}},"6":{"start":{"line":71,"column":13},"end":{"line":76,"column":null}},"7":{"start":{"line":72,"column":15},"end":{"line":72,"column":79}},"8":{"start":{"line":73,"column":2},"end":{"line":73,"column":null}},"9":{"start":{"line":73,"column":18},"end":{"line":73,"column":null}},"10":{"start":{"line":74,"column":2},"end":{"line":74,"column":null}},"11":{"start":{"line":74,"column":18},"end":{"line":74,"column":null}},"12":{"start":{"line":75,"column":2},"end":{"line":75,"column":null}},"13":{"start":{"line":75,"column":17},"end":{"line":75,"column":null}},"14":{"start":{"line":76,"column":2},"end":{"line":76,"column":null}}},"fnMap":{"0":{"name":"(anonymous_0)","decl":{"start":{"line":66,"column":13},"end":{"line":66,"column":26}},"loc":{"start":{"line":67,"column":2},"end":{"line":67,"column":59}},"line":67},"1":{"name":"(anonymous_1)","decl":{"start":{"line":71,"column":13},"end":{"line":71,"column":29}},"loc":{"start":{"line":71,"column":53},"end":{"line":76,"column":null}},"line":71}},"branchMap":{"0":{"loc":{"start":{"line":71,"column":37},"end":{"line":71,"column":53}},"type":"default-arg","locations":[{"start":{"line":71,"column":44},"end":{"line":71,"column":53}}],"line":71},"1":{"loc":{"start":{"line":73,"column":2},"end":{"line":73,"column":null}},"type":"if","locations":[{"start":{"line":73,"column":2},"end":{"line":73,"column":null}},{"start":{},"end":{}}],"line":73},"2":{"loc":{"start":{"line":73,"column":25},"end":{"line":73,"column":null}},"type":"cond-expr","locations":[{"start":{"line":73,"column":29},"end":{"line":73,"column":45}},{"start":{"line":73,"column":68},"end":{"line":73,"column":null}}],"line":73},"3":{"loc":{"start":{"line":74,"column":2},"end":{"line":74,"column":null}},"type":"if","locations":[{"start":{"line":74,"column":2},"end":{"line":74,"column":null}},{"start":{},"end":{}}],"line":74},"4":{"loc":{"start":{"line":74,"column":25},"end":{"line":74,"column":null}},"type":"cond-expr","locations":[{"start":{"line":74,"column":29},"end":{"line":74,"column":49}},{"start":{"line":74,"column":68},"end":{"line":74,"column":null}}],"line":74},"5":{"loc":{"start":{"line":75,"column":2},"end":{"line":75,"column":null}},"type":"if","locations":[{"start":{"line":75,"column":2},"end":{"line":75,"column":null}},{"start":{},"end":{}}],"line":75},"6":{"loc":{"start":{"line":75,"column":24},"end":{"line":75,"column":null}},"type":"cond-expr","locations":[{"start":{"line":75,"column":28},"end":{"line":75,"column":63}},{"start":{"line":75,"column":66},"end":{"line":75,"column":null}}],"line":75},"7":{"loc":{"start":{"line":76,"column":42},"end":{"line":76,"column":71}},"type":"binary-expr","locations":[{"start":{"line":76,"column":42},"end":{"line":76,"column":62}},{"start":{"line":76,"column":62},"end":{"line":76,"column":71}}],"line":76}},"s":{"0":5,"1":5,"2":5,"3":5,"4":1164,"5":5,"6":5,"7":31,"8":31,"9":28,"10":3,"11":3,"12":2,"13":2,"14":1},"f":{"0":1164,"1":31},"b":{"0":[31],"1":[28,3],"2":[27,1],"3":[1,2],"4":[1,0],"5":[1,1],"6":[1,0],"7":[1,0]},"meta":{"lastBranch":8,"lastFunction":2,"lastStatement":15,"seen":{"s:1:30:1:32":0,"s:3:31:62:Infinity":1,"s:64:32:64:34":2,"s:66:13:67:59":3,"f:66:13:66:26":0,"s:67:2:67:59":4,"s:69:19:69:Infinity":5,"s:71:13:76:Infinity":6,"f:71:13:71:29":1,"b:71:44:71:53":0,"s:72:15:72:79":7,"b:73:2:73:Infinity:undefined:undefined:undefined:undefined":1,"s:73:2:73:Infinity":8,"s:73:18:73:Infinity":9,"b:73:29:73:45:73:68:73:Infinity":2,"b:74:2:74:Infinity:undefined:undefined:undefined:undefined":3,"s:74:2:74:Infinity":10,"s:74:18:74:Infinity":11,"b:74:29:74:49:74:68:74:Infinity":4,"b:75:2:75:Infinity:undefined:undefined:undefined:undefined":5,"s:75:2:75:Infinity":12,"s:75:17:75:Infinity":13,"b:75:28:75:63:75:66:75:Infinity":6,"s:76:2:76:Infinity":14,"b:76:42:76:62:76:62:76:71":7}}}
,"C:\\Users\\Daniel\\Marianita\\Marianita-s-snaks\\frontend\\src\\i18n\\en.js": {"path":"C:\\Users\\Daniel\\Marianita\\Marianita-s-snaks\\frontend\\src\\i18n\\en.js","statementMap":{},"fnMap":{},"branchMap":{},"s":{},"f":{},"b":{},"meta":{"lastBranch":0,"lastFunction":0,"lastStatement":0,"seen":{}}}
,"C:\\Users\\Daniel\\Marianita\\Marianita-s-snaks\\frontend\\src\\i18n\\es.js": {"path":"C:\\Users\\Daniel\\Marianita\\Marianita-s-snaks\\frontend\\src\\i18n\\es.js","statementMap":{},"fnMap":{},"branchMap":{},"s":{},"f":{},"b":{},"meta":{"lastBranch":0,"lastFunction":0,"lastStatement":0,"seen":{}}}
,"C:\\Users\\Daniel\\Marianita\\Marianita-s-snaks\\frontend\\src\\i18n\\index.js": {"path":"C:\\Users\\Daniel\\Marianita\\Marianita-s-snaks\\frontend\\src\\i18n\\index.js","statementMap":{"0":{"start":{"line":7,"column":14},"end":{"line":7,"column":null}},"1":{"start":{"line":9,"column":0},"end":{"line":18,"column":null}},"2":{"start":{"line":20,"column":0},"end":{"line":20,"column":null}},"3":{"start":{"line":20,"column":34},"end":{"line":20,"column":76}}},"fnMap":{"0":{"name":"(anonymous_0)","decl":{"start":{"line":20,"column":8},"end":{"line":20,"column":27}},"loc":{"start":{"line":20,"column":34},"end":{"line":20,"column":76}},"line":20}},"branchMap":{"0":{"loc":{"start":{"line":7,"column":14},"end":{"line":7,"column":null}},"type":"binary-expr","locations":[{"start":{"line":7,"column":14},"end":{"line":7,"column":51}},{"start":{"line":7,"column":55},"end":{"line":7,"column":null}}],"line":7}},"s":{"0":0,"1":0,"2":0,"3":0},"f":{"0":0},"b":{"0":[0,0]},"meta":{"lastBranch":1,"lastFunction":1,"lastStatement":4,"seen":{"s:7:14:7:Infinity":0,"b:7:14:7:51:7:55:7:Infinity":0,"s:9:0:18:Infinity":1,"s:20:0:20:Infinity":2,"f:20:8:20:27":0,"s:20:34:20:76":3}}}
,"C:\\Users\\Daniel\\Marianita\\Marianita-s-snaks\\frontend\\src\\i18n\\ko.js": {"path":"C:\\Users\\Daniel\\Marianita\\Marianita-s-snaks\\frontend\\src\\i18n\\ko.js","statementMap":{},"fnMap":{},"branchMap":{},"s":{},"f":{},"b":{},"meta":{"lastBranch":0,"lastFunction":0,"lastStatement":0,"seen":{}}}
,"C:\\Users\\Daniel\\Marianita\\Marianita-s-snaks\\frontend\\src\\styles\\components.css": {"path":"C:\\Users\\Daniel\\Marianita\\Marianita-s-snaks\\frontend\\src\\styles\\components.css","statementMap":{},"fnMap":{},"branchMap":{},"s":{},"f":{},"b":{},"meta":{"lastBranch":0,"lastFunction":0,"lastStatement":0,"seen":{}}}
,"C:\\Users\\Daniel\\Marianita\\Marianita-s-snaks\\frontend\\src\\styles\\tokens.css": {"path":"C:\\Users\\Daniel\\Marianita\\Marianita-s-snaks\\frontend\\src\\styles\\tokens.css","statementMap":{},"fnMap":{},"branchMap":{},"s":{},"f":{},"b":{},"meta":{"lastBranch":0,"lastFunction":0,"lastStatement":0,"seen":{}}}
,"C:\\Users\\Daniel\\Marianita\\Marianita-s-snaks\\frontend\\src\\views\\MarianitaPanel.jsx": {"path":"C:\\Users\\Daniel\\Marianita\\Marianita-s-snaks\\frontend\\src\\views\\MarianitaPanel.jsx","statementMap":{"0":{"start":{"line":7,"column":10},"end":{"line":7,"column":32}},"1":{"start":{"line":8,"column":16},"end":{"line":8,"column":52}},"2":{"start":{"line":9,"column":14},"end":{"line":9,"column":55}},"3":{"start":{"line":10,"column":20},"end":{"line":10,"column":50}},"4":{"start":{"line":11,"column":20},"end":{"line":11,"column":48}},"5":{"start":{"line":12,"column":19},"end":{"line":12,"column":51}},"6":{"start":{"line":13,"column":18},"end":{"line":13,"column":48}},"7":{"start":{"line":14,"column":19},"end":{"line":14,"column":48}},"8":{"start":{"line":16,"column":2},"end":{"line":16,"column":null}},"9":{"start":{"line":16,"column":20},"end":{"line":16,"column":46}},"10":{"start":{"line":18,"column":8},"end":{"line":23,"column":null}},"11":{"start":{"line":19,"column":10},"end":{"line":19,"column":null}},"12":{"start":{"line":20,"column":4},"end":{"line":20,"column":null}},"13":{"start":{"line":20,"column":27},"end":{"line":20,"column":null}},"14":{"start":{"line":21,"column":4},"end":{"line":21,"column":null}},"15":{"start":{"line":21,"column":27},"end":{"line":21,"column":null}},"16":{"start":{"line":22,"column":4},"end":{"line":22,"column":null}},"17":{"start":{"line":22,"column":27},"end":{"line":22,"column":null}},"18":{"start":{"line":23,"column":4},"end":{"line":23,"column":null}},"19":{"start":{"line":26,"column":25},"end":{"line":26,"column":63}},"20":{"start":{"line":26,"column":47},"end":{"line":26,"column":62}},"21":{"start":{"line":27,"column":8},"end":{"line":27,"column":null}},"22":{"start":{"line":27,"column":44},"end":{"line":27,"column":84}},"23":{"start":{"line":27,"column":63},"end":{"line":27,"column":84}},"24":{"start":{"line":27,"column":86},"end":{"line":27,"column":null}},"25":{"start":{"line":28,"column":25},"end":{"line":28,"column":75}},"26":{"start":{"line":28,"column":51},"end":{"line":28,"column":71}},"27":{"start":{"line":29,"column":25},"end":{"line":29,"column":108}},"28":{"start":{"line":29,"column":46},"end":{"line":29,"column":66}},"29":{"start":{"line":29,"column":84},"end":{"line":29,"column":104}},"30":{"start":{"line":30,"column":25},"end":{"line":30,"column":112}},"31":{"start":{"line":30,"column":46},"end":{"line":30,"column":70}},"32":{"start":{"line":30,"column":88},"end":{"line":30,"column":108}},"33":{"start":{"line":32,"column":8},"end":{"line":39,"column":35}},"34":{"start":{"line":33,"column":22},"end":{"line":33,"column":24}},"35":{"start":{"line":34,"column":4},"end":{"line":34,"column":null}},"36":{"start":{"line":34,"column":28},"end":{"line":34,"column":102}},"37":{"start":{"line":35,"column":4},"end":{"line":38,"column":null}},"38":{"start":{"line":36,"column":17},"end":{"line":36,"column":61}},"39":{"start":{"line":37,"column":19},"end":{"line":37,"column":31}},"40":{"start":{"line":38,"column":22},"end":{"line":38,"column":40}},"41":{"start":{"line":41,"column":8},"end":{"line":41,"column":null}},"42":{"start":{"line":41,"column":29},"end":{"line":41,"column":49}},"43":{"start":{"line":41,"column":49},"end":{"line":41,"column":null}},"44":{"start":{"line":42,"column":8},"end":{"line":45,"column":null}},"45":{"start":{"line":43,"column":24},"end":{"line":43,"column":66}},"46":{"start":{"line":44,"column":4},"end":{"line":44,"column":null}},"47":{"start":{"line":44,"column":48},"end":{"line":44,"column":null}},"48":{"start":{"line":45,"column":4},"end":{"line":45,"column":null}},"49":{"start":{"line":47,"column":8},"end":{"line":51,"column":null}},"50":{"start":{"line":48,"column":24},"end":{"line":48,"column":65}},"51":{"start":{"line":49,"column":4},"end":{"line":51,"column":null}},"52":{"start":{"line":50,"column":6},"end":{"line":50,"column":null}},"53":{"start":{"line":51,"column":6},"end":{"line":51,"column":22}},"54":{"start":{"line":51,"column":22},"end":{"line":51,"column":39}},"55":{"start":{"line":51,"column":39},"end":{"line":51,"column":null}},"56":{"start":{"line":55,"column":19},"end":{"line":60,"column":null}},"57":{"start":{"line":62,"column":2},"end":{"line":177,"column":null}},"58":{"start":{"line":68,"column":12},"end":{"line":68,"column":null}},"59":{"start":{"line":68,"column":81},"end":{"line":68,"column":93}},"60":{"start":{"line":89,"column":73},"end":{"line":89,"column":90}},"61":{"start":{"line":92,"column":74},"end":{"line":92,"column":92}},"62":{"start":{"line":116,"column":32},"end":{"line":116,"column":null}},"63":{"start":{"line":116,"column":53},"end":{"line":116,"column":78}},"64":{"start":{"line":117,"column":18},"end":{"line":131,"column":null}},"65":{"start":{"line":144,"column":14},"end":{"line":165,"column":null}},"66":{"start":{"line":150,"column":87},"end":{"line":150,"column":115}},"67":{"start":{"line":152,"column":70},"end":{"line":152,"column":88}},"68":{"start":{"line":155,"column":66},"end":{"line":155,"column":78}},"69":{"start":{"line":161,"column":76},"end":{"line":161,"column":101}},"70":{"start":{"line":170,"column":90},"end":{"line":170,"column":120}},"71":{"start":{"line":171,"column":90},"end":{"line":171,"column":121}},"72":{"start":{"line":173,"column":59},"end":{"line":173,"column":77}},"73":{"start":{"line":176,"column":60},"end":{"line":176,"column":77}}},"fnMap":{"0":{"name":"MarianitaPanel","decl":{"start":{"line":6,"column":24},"end":{"line":6,"column":39}},"loc":{"start":{"line":6,"column":117},"end":{"line":177,"column":null}},"line":6},"1":{"name":"(anonymous_1)","decl":{"start":{"line":16,"column":2},"end":{"line":16,"column":18}},"loc":{"start":{"line":16,"column":18},"end":{"line":16,"column":47}},"line":16},"2":{"name":"(anonymous_2)","decl":{"start":{"line":18,"column":8},"end":{"line":18,"column":19}},"loc":{"start":{"line":18,"column":27},"end":{"line":23,"column":null}},"line":18},"3":{"name":"(anonymous_3)","decl":{"start":{"line":26,"column":35},"end":{"line":26,"column":42}},"loc":{"start":{"line":26,"column":47},"end":{"line":26,"column":62}},"line":26},"4":{"name":"(anonymous_4)","decl":{"start":{"line":27,"column":8},"end":{"line":27,"column":26}},"loc":{"start":{"line":27,"column":32},"end":{"line":27,"column":null}},"line":27},"5":{"name":"(anonymous_5)","decl":{"start":{"line":27,"column":53},"end":{"line":27,"column":58}},"loc":{"start":{"line":27,"column":63},"end":{"line":27,"column":84}},"line":27},"6":{"name":"(anonymous_6)","decl":{"start":{"line":28,"column":34},"end":{"line":28,"column":42}},"loc":{"start":{"line":28,"column":51},"end":{"line":28,"column":71}},"line":28},"7":{"name":"(anonymous_7)","decl":{"start":{"line":29,"column":34},"end":{"line":29,"column":41}},"loc":{"start":{"line":29,"column":46},"end":{"line":29,"column":66}},"line":29},"8":{"name":"(anonymous_8)","decl":{"start":{"line":29,"column":67},"end":{"line":29,"column":75}},"loc":{"start":{"line":29,"column":84},"end":{"line":29,"column":104}},"line":29},"9":{"name":"(anonymous_9)","decl":{"start":{"line":30,"column":34},"end":{"line":30,"column":41}},"loc":{"start":{"line":30,"column":46},"end":{"line":30,"column":70}},"line":30},"10":{"name":"(anonymous_10)","decl":{"start":{"line":30,"column":71},"end":{"line":30,"column":79}},"loc":{"start":{"line":30,"column":88},"end":{"line":30,"column":108}},"line":30},"11":{"name":"(anonymous_11)","decl":{"start":{"line":32,"column":16},"end":{"line":32,"column":30}},"loc":{"start":{"line":32,"column":30},"end":{"line":39,"column":6}},"line":32},"12":{"name":"(anonymous_12)","decl":{"start":{"line":34,"column":13},"end":{"line":34,"column":21}},"loc":{"start":{"line":34,"column":26},"end":{"line":34,"column":null}},"line":34},"13":{"name":"(anonymous_13)","decl":{"start":{"line":36,"column":7},"end":{"line":36,"column":11}},"loc":{"start":{"line":36,"column":17},"end":{"line":36,"column":61}},"line":36},"14":{"name":"(anonymous_14)","decl":{"start":{"line":37,"column":7},"end":{"line":37,"column":14}},"loc":{"start":{"line":37,"column":19},"end":{"line":37,"column":31}},"line":37},"15":{"name":"(anonymous_15)","decl":{"start":{"line":38,"column":7},"end":{"line":38,"column":13}},"loc":{"start":{"line":38,"column":22},"end":{"line":38,"column":40}},"line":38},"16":{"name":"(anonymous_16)","decl":{"start":{"line":41,"column":8},"end":{"line":41,"column":21}},"loc":{"start":{"line":41,"column":27},"end":{"line":41,"column":null}},"line":41},"17":{"name":"(anonymous_17)","decl":{"start":{"line":42,"column":8},"end":{"line":42,"column":26}},"loc":{"start":{"line":42,"column":26},"end":{"line":45,"column":null}},"line":42},"18":{"name":"(anonymous_18)","decl":{"start":{"line":47,"column":8},"end":{"line":47,"column":26}},"loc":{"start":{"line":47,"column":26},"end":{"line":51,"column":null}},"line":47},"19":{"name":"(anonymous_19)","decl":{"start":{"line":67,"column":130},"end":{"line":67,"column":135}},"loc":{"start":{"line":68,"column":12},"end":{"line":68,"column":null}},"line":68},"20":{"name":"(anonymous_20)","decl":{"start":{"line":68,"column":66},"end":{"line":68,"column":81}},"loc":{"start":{"line":68,"column":81},"end":{"line":68,"column":93}},"line":68},"21":{"name":"(anonymous_21)","decl":{"start":{"line":89,"column":58},"end":{"line":89,"column":73}},"loc":{"start":{"line":89,"column":73},"end":{"line":89,"column":90}},"line":89},"22":{"name":"(anonymous_22)","decl":{"start":{"line":92,"column":59},"end":{"line":92,"column":74}},"loc":{"start":{"line":92,"column":74},"end":{"line":92,"column":92}},"line":92},"23":{"name":"(anonymous_23)","decl":{"start":{"line":115,"column":23},"end":{"line":115,"column":28}},"loc":{"start":{"line":115,"column":53},"end":{"line":133,"column":null}},"line":115},"24":{"name":"(anonymous_24)","decl":{"start":{"line":116,"column":41},"end":{"line":116,"column":48}},"loc":{"start":{"line":116,"column":53},"end":{"line":116,"column":78}},"line":116},"25":{"name":"(anonymous_25)","decl":{"start":{"line":143,"column":22},"end":{"line":143,"column":26}},"loc":{"start":{"line":144,"column":14},"end":{"line":165,"column":null}},"line":144},"26":{"name":"(anonymous_26)","decl":{"start":{"line":150,"column":72},"end":{"line":150,"column":82}},"loc":{"start":{"line":150,"column":87},"end":{"line":150,"column":115}},"line":150},"27":{"name":"(anonymous_27)","decl":{"start":{"line":152,"column":55},"end":{"line":152,"column":70}},"loc":{"start":{"line":152,"column":70},"end":{"line":152,"column":88}},"line":152},"28":{"name":"(anonymous_28)","decl":{"start":{"line":155,"column":51},"end":{"line":155,"column":66}},"loc":{"start":{"line":155,"column":66},"end":{"line":155,"column":78}},"line":155},"29":{"name":"(anonymous_29)","decl":{"start":{"line":161,"column":60},"end":{"line":161,"column":76}},"loc":{"start":{"line":161,"column":76},"end":{"line":161,"column":101}},"line":161},"30":{"name":"(anonymous_30)","decl":{"start":{"line":170,"column":75},"end":{"line":170,"column":85}},"loc":{"start":{"line":170,"column":90},"end":{"line":170,"column":120}},"line":170},"31":{"name":"(anonymous_31)","decl":{"start":{"line":171,"column":75},"end":{"line":171,"column":85}},"loc":{"start":{"line":171,"column":90},"end":{"line":171,"column":121}},"line":171},"32":{"name":"(anonymous_32)","decl":{"start":{"line":173,"column":44},"end":{"line":173,"column":59}},"loc":{"start":{"line":173,"column":59},"end":{"line":173,"column":77}},"line":173},"33":{"name":"(anonymous_33)","decl":{"start":{"line":176,"column":45},"end":{"line":176,"column":60}},"loc":{"start":{"line":176,"column":60},"end":{"line":176,"column":77}},"line":176}},"branchMap":{"0":{"loc":{"start":{"line":20,"column":4},"end":{"line":20,"column":null}},"type":"if","locations":[{"start":{"line":20,"column":4},"end":{"line":20,"column":null}},{"start":{},"end":{}}],"line":20},"1":{"loc":{"start":{"line":21,"column":4},"end":{"line":21,"column":null}},"type":"if","locations":[{"start":{"line":21,"column":4},"end":{"line":21,"column":null}},{"start":{},"end":{}}],"line":21},"2":{"loc":{"start":{"line":22,"column":4},"end":{"line":22,"column":null}},"type":"if","locations":[{"start":{"line":22,"column":4},"end":{"line":22,"column":null}},{"start":{},"end":{}}],"line":22},"3":{"loc":{"start":{"line":27,"column":93},"end":{"line":27,"column":null}},"type":"cond-expr","locations":[{"start":{"line":27,"column":97},"end":{"line":27,"column":120}},{"start":{"line":27,"column":120},"end":{"line":27,"column":null}}],"line":27},"4":{"loc":{"start":{"line":34,"column":53},"end":{"line":34,"column":83}},"type":"binary-expr","locations":[{"start":{"line":34,"column":53},"end":{"line":34,"column":78}},{"start":{"line":34,"column":78},"end":{"line":34,"column":83}}],"line":34},"5":{"loc":{"start":{"line":36,"column":37},"end":{"line":36,"column":59}},"type":"binary-expr","locations":[{"start":{"line":36,"column":37},"end":{"line":36,"column":56}},{"start":{"line":36,"column":56},"end":{"line":36,"column":59}}],"line":36},"6":{"loc":{"start":{"line":44,"column":4},"end":{"line":44,"column":null}},"type":"if","locations":[{"start":{"line":44,"column":4},"end":{"line":44,"column":null}},{"start":{},"end":{}}],"line":44},"7":{"loc":{"start":{"line":44,"column":8},"end":{"line":44,"column":48}},"type":"binary-expr","locations":[{"start":{"line":44,"column":8},"end":{"line":44,"column":27}},{"start":{"line":44,"column":31},"end":{"line":44,"column":48}}],"line":44},"8":{"loc":{"start":{"line":49,"column":4},"end":{"line":51,"column":null}},"type":"if","locations":[{"start":{"line":49,"column":4},"end":{"line":51,"column":null}},{"start":{},"end":{}}],"line":49},"9":{"loc":{"start":{"line":49,"column":8},"end":{"line":49,"column":66}},"type":"binary-expr","locations":[{"start":{"line":49,"column":8},"end":{"line":49,"column":22}},{"start":{"line":49,"column":26},"end":{"line":49,"column":45}},{"start":{"line":49,"column":49},"end":{"line":49,"column":66}}],"line":49},"10":{"loc":{"start":{"line":68,"column":40},"end":{"line":68,"column":66}},"type":"cond-expr","locations":[{"start":{"line":68,"column":55},"end":{"line":68,"column":62}},{"start":{"line":68,"column":62},"end":{"line":68,"column":66}}],"line":68},"11":{"loc":{"start":{"line":89,"column":27},"end":{"line":89,"column":58}},"type":"cond-expr","locations":[{"start":{"line":89,"column":47},"end":{"line":89,"column":54}},{"start":{"line":89,"column":54},"end":{"line":89,"column":58}}],"line":89},"12":{"loc":{"start":{"line":92,"column":27},"end":{"line":92,"column":59}},"type":"cond-expr","locations":[{"start":{"line":92,"column":48},"end":{"line":92,"column":55}},{"start":{"line":92,"column":55},"end":{"line":92,"column":59}}],"line":92},"13":{"loc":{"start":{"line":97,"column":7},"end":{"line":137,"column":null}},"type":"binary-expr","locations":[{"start":{"line":97,"column":7},"end":{"line":97,"column":null}},{"start":{"line":98,"column":8},"end":{"line":137,"column":null}}],"line":97},"14":{"loc":{"start":{"line":99,"column":11},"end":{"line":134,"column":null}},"type":"cond-expr","locations":[{"start":{"line":100,"column":12},"end":{"line":106,"column":13}},{"start":{"line":106,"column":12},"end":{"line":134,"column":null}}],"line":99},"15":{"loc":{"start":{"line":126,"column":27},"end":{"line":126,"column":null}},"type":"binary-expr","locations":[{"start":{"line":126,"column":27},"end":{"line":126,"column":38}},{"start":{"line":126,"column":38},"end":{"line":126,"column":null}}],"line":126},"16":{"loc":{"start":{"line":140,"column":7},"end":{"line":177,"column":null}},"type":"binary-expr","locations":[{"start":{"line":140,"column":7},"end":{"line":140,"column":null}},{"start":{"line":141,"column":8},"end":{"line":177,"column":null}}],"line":140},"17":{"loc":{"start":{"line":144,"column":56},"end":{"line":144,"column":null}},"type":"cond-expr","locations":[{"start":{"line":144,"column":67},"end":{"line":144,"column":72}},{"start":{"line":144,"column":72},"end":{"line":144,"column":null}}],"line":144},"18":{"loc":{"start":{"line":148,"column":19},"end":{"line":156,"column":null}},"type":"cond-expr","locations":[{"start":{"line":149,"column":20},"end":{"line":155,"column":21}},{"start":{"line":155,"column":20},"end":{"line":156,"column":null}}],"line":148},"19":{"loc":{"start":{"line":163,"column":50},"end":{"line":163,"column":110}},"type":"cond-expr","locations":[{"start":{"line":163,"column":61},"end":{"line":163,"column":81}},{"start":{"line":163,"column":84},"end":{"line":163,"column":110}}],"line":163},"20":{"loc":{"start":{"line":168,"column":11},"end":{"line":177,"column":null}},"type":"cond-expr","locations":[{"start":{"line":169,"column":12},"end":{"line":176,"column":13}},{"start":{"line":176,"column":12},"end":{"line":177,"column":null}}],"line":168}},"s":{"0":59,"1":59,"2":59,"3":59,"4":59,"5":59,"6":59,"7":59,"8":59,"9":44,"10":59,"11":221,"12":221,"13":8,"14":213,"15":209,"16":4,"17":0,"18":4,"19":59,"20":221,"21":59,"22":495,"23":660,"24":495,"25":59,"26":165,"27":59,"28":165,"29":110,"30":59,"31":165,"32":55,"33":59,"34":59,"35":59,"36":165,"37":59,"38":116,"39":116,"40":53,"41":59,"42":3,"43":3,"44":59,"45":1,"46":1,"47":1,"48":1,"49":59,"50":1,"51":1,"52":1,"53":1,"54":1,"55":1,"56":59,"57":59,"58":236,"59":3,"60":0,"61":9,"62":41,"63":121,"64":41,"65":102,"66":5,"67":1,"68":3,"69":1,"70":6,"71":4,"72":1,"73":3},"f":{"0":59,"1":44,"2":221,"3":221,"4":495,"5":660,"6":165,"7":165,"8":110,"9":165,"10":55,"11":59,"12":165,"13":116,"14":116,"15":53,"16":3,"17":1,"18":1,"19":236,"20":3,"21":0,"22":9,"23":41,"24":121,"25":102,"26":5,"27":1,"28":3,"29":1,"30":6,"31":4,"32":1,"33":3},"b":{"0":[8,213],"1":[209,4],"2":[0,4],"3":[495,0],"4":[165,109],"5":[116,7],"6":[1,0],"7":[1,1],"8":[1,0],"9":[1,1,1],"10":[59,177],"11":[25,34],"12":[34,25],"13":[59,25],"14":[3,22],"15":[41,22],"16":[59,34],"17":[68,34],"18":[8,94],"19":[68,34],"20":[13,21]},"meta":{"lastBranch":21,"lastFunction":34,"lastStatement":74,"seen":{"f:6:24:6:39":0,"s:7:10:7:32":0,"s:8:16:8:52":1,"s:9:14:9:55":2,"s:10:20:10:50":3,"s:11:20:11:48":4,"s:12:19:12:51":5,"s:13:18:13:48":6,"s:14:19:14:48":7,"s:16:2:16:Infinity":8,"f:16:2:16:18":1,"s:16:20:16:46":9,"s:18:8:23:Infinity":10,"f:18:8:18:19":2,"s:19:10:19:Infinity":11,"b:20:4:20:Infinity:undefined:undefined:undefined:undefined":0,"s:20:4:20:Infinity":12,"s:20:27:20:Infinity":13,"b:21:4:21:Infinity:undefined:undefined:undefined:undefined":1,"s:21:4:21:Infinity":14,"s:21:27:21:Infinity":15,"b:22:4:22:Infinity:undefined:undefined:undefined:undefined":2,"s:22:4:22:Infinity":16,"s:22:27:22:Infinity":17,"s:23:4:23:Infinity":18,"s:26:25:26:63":19,"f:26:35:26:42":3,"s:26:47:26:62":20,"s:27:8:27:Infinity":21,"f:27:8:27:26":4,"s:27:44:27:84":22,"f:27:53:27:58":5,"s:27:63:27:84":23,"s:27:86:27:Infinity":24,"b:27:97:27:120:27:120:27:Infinity":3,"s:28:25:28:75":25,"f:28:34:28:42":6,"s:28:51:28:71":26,"s:29:25:29:108":27,"f:29:34:29:41":7,"s:29:46:29:66":28,"f:29:67:29:75":8,"s:29:84:29:104":29,"s:30:25:30:112":30,"f:30:34:30:41":9,"s:30:46:30:70":31,"f:30:71:30:79":10,"s:30:88:30:108":32,"s:32:8:39:35":33,"f:32:16:32:30":11,"s:33:22:33:24":34,"s:34:4:34:Infinity":35,"f:34:13:34:21":12,"s:34:28:34:102":36,"b:34:53:34:78:34:78:34:83":4,"s:35:4:38:Infinity":37,"f:36:7:36:11":13,"s:36:17:36:61":38,"b:36:37:36:56:36:56:36:59":5,"f:37:7:37:14":14,"s:37:19:37:31":39,"f:38:7:38:13":15,"s:38:22:38:40":40,"s:41:8:41:Infinity":41,"f:41:8:41:21":16,"s:41:29:41:49":42,"s:41:49:41:Infinity":43,"s:42:8:45:Infinity":44,"f:42:8:42:26":17,"s:43:24:43:66":45,"b:44:4:44:Infinity:undefined:undefined:undefined:undefined":6,"s:44:4:44:Infinity":46,"b:44:8:44:27:44:31:44:48":7,"s:44:48:44:Infinity":47,"s:45:4:45:Infinity":48,"s:47:8:51:Infinity":49,"f:47:8:47:26":18,"s:48:24:48:65":50,"b:49:4:51:Infinity:undefined:undefined:undefined:undefined":8,"s:49:4:51:Infinity":51,"b:49:8:49:22:49:26:49:45:49:49:49:66":9,"s:50:6:50:Infinity":52,"s:51:6:51:22":53,"s:51:22:51:39":54,"s:51:39:51:Infinity":55,"s:55:19:60:Infinity":56,"s:62:2:177:Infinity":57,"f:67:130:67:135":19,"s:68:12:68:Infinity":58,"b:68:55:68:62:68:62:68:66":10,"f:68:66:68:81":20,"s:68:81:68:93":59,"b:89:47:89:54:89:54:89:58":11,"f:89:58:89:73":21,"s:89:73:89:90":60,"b:92:48:92:55:92:55:92:59":12,"f:92:59:92:74":22,"s:92:74:92:92":61,"b:97:7:97:Infinity:98:8:137:Infinity":13,"b:100:12:106:13:106:12:134:Infinity":14,"f:115:23:115:28":23,"s:116:32:116:Infinity":62,"f:116:41:116:48":24,"s:116:53:116:78":63,"s:117:18:131:Infinity":64,"b:126:27:126:38:126:38:126:Infinity":15,"b:140:7:140:Infinity:141:8:177:Infinity":16,"f:143:22:143:26":25,"s:144:14:165:Infinity":65,"b:144:67:144:72:144:72:144:Infinity":17,"b:149:20:155:21:155:20:156:Infinity":18,"f:150:72:150:82":26,"s:150:87:150:115":66,"f:152:55:152:70":27,"s:152:70:152:88":67,"f:155:51:155:66":28,"s:155:66:155:78":68,"f:161:60:161:76":29,"s:161:76:161:101":69,"b:163:61:163:81:163:84:163:110":19,"b:169:12:176:13:176:12:177:Infinity":20,"f:170:75:170:85":30,"s:170:90:170:120":70,"f:171:75:171:85":31,"s:171:90:171:121":71,"f:173:44:173:59":32,"s:173:59:173:77":72,"f:176:45:176:60":33,"s:176:60:176:77":73}}}
,"C:\\Users\\Daniel\\Marianita\\Marianita-s-snaks\\frontend\\src\\views\\MyPurchases.jsx": {"path":"C:\\Users\\Daniel\\Marianita\\Marianita-s-snaks\\frontend\\src\\views\\MyPurchases.jsx","statementMap":{"0":{"start":{"line":8,"column":13},"end":{"line":8,"column":38}},"1":{"start":{"line":9,"column":17},"end":{"line":9,"column":45}},"2":{"start":{"line":11,"column":2},"end":{"line":11,"column":null}},"3":{"start":{"line":11,"column":20},"end":{"line":11,"column":46}},"4":{"start":{"line":13,"column":22},"end":{"line":13,"column":69}},"5":{"start":{"line":13,"column":44},"end":{"line":13,"column":69}},"6":{"start":{"line":14,"column":22},"end":{"line":14,"column":99}},"7":{"start":{"line":14,"column":79},"end":{"line":14,"column":99}},"8":{"start":{"line":15,"column":22},"end":{"line":18,"column":7}},"9":{"start":{"line":16,"column":14},"end":{"line":16,"column":54}},"10":{"start":{"line":16,"column":33},"end":{"line":16,"column":54}},"11":{"start":{"line":17,"column":4},"end":{"line":17,"column":null}},"12":{"start":{"line":20,"column":8},"end":{"line":28,"column":31}},"13":{"start":{"line":21,"column":14},"end":{"line":21,"column":16}},"14":{"start":{"line":22,"column":4},"end":{"line":26,"column":null}},"15":{"start":{"line":23,"column":12},"end":{"line":23,"column":56}},"16":{"start":{"line":24,"column":6},"end":{"line":24,"column":null}},"17":{"start":{"line":24,"column":19},"end":{"line":24,"column":null}},"18":{"start":{"line":25,"column":6},"end":{"line":25,"column":null}},"19":{"start":{"line":27,"column":4},"end":{"line":27,"column":null}},"20":{"start":{"line":30,"column":22},"end":{"line":34,"column":35}},"21":{"start":{"line":36,"column":2},"end":{"line":89,"column":null}},"22":{"start":{"line":49,"column":72},"end":{"line":49,"column":88}},"23":{"start":{"line":52,"column":73},"end":{"line":52,"column":90}},"24":{"start":{"line":55,"column":77},"end":{"line":55,"column":98}},"25":{"start":{"line":68,"column":10},"end":{"line":89,"column":null}},"26":{"start":{"line":72,"column":26},"end":{"line":72,"column":66}},"27":{"start":{"line":72,"column":45},"end":{"line":72,"column":66}},"28":{"start":{"line":73,"column":16},"end":{"line":73,"column":null}},"29":{"start":{"line":73,"column":24},"end":{"line":73,"column":null}},"30":{"start":{"line":74,"column":16},"end":{"line":85,"column":null}}},"fnMap":{"0":{"name":"MyPurchases","decl":{"start":{"line":7,"column":24},"end":{"line":7,"column":36}},"loc":{"start":{"line":7,"column":69},"end":{"line":89,"column":null}},"line":7},"1":{"name":"(anonymous_1)","decl":{"start":{"line":11,"column":2},"end":{"line":11,"column":18}},"loc":{"start":{"line":11,"column":18},"end":{"line":11,"column":47}},"line":11},"2":{"name":"(anonymous_2)","decl":{"start":{"line":13,"column":32},"end":{"line":13,"column":39}},"loc":{"start":{"line":13,"column":44},"end":{"line":13,"column":69}},"line":13},"3":{"name":"(anonymous_3)","decl":{"start":{"line":14,"column":67},"end":{"line":14,"column":74}},"loc":{"start":{"line":14,"column":79},"end":{"line":14,"column":99}},"line":14},"4":{"name":"(anonymous_4)","decl":{"start":{"line":15,"column":31},"end":{"line":15,"column":39}},"loc":{"start":{"line":15,"column":50},"end":{"line":18,"column":7}},"line":15},"5":{"name":"(anonymous_5)","decl":{"start":{"line":16,"column":23},"end":{"line":16,"column":28}},"loc":{"start":{"line":16,"column":33},"end":{"line":16,"column":54}},"line":16},"6":{"name":"(anonymous_6)","decl":{"start":{"line":20,"column":17},"end":{"line":20,"column":31}},"loc":{"start":{"line":20,"column":31},"end":{"line":28,"column":6}},"line":20},"7":{"name":"(anonymous_7)","decl":{"start":{"line":22,"column":13},"end":{"line":22,"column":21}},"loc":{"start":{"line":22,"column":26},"end":{"line":26,"column":null}},"line":22},"8":{"name":"(anonymous_8)","decl":{"start":{"line":49,"column":57},"end":{"line":49,"column":72}},"loc":{"start":{"line":49,"column":72},"end":{"line":49,"column":88}},"line":49},"9":{"name":"(anonymous_9)","decl":{"start":{"line":52,"column":58},"end":{"line":52,"column":73}},"loc":{"start":{"line":52,"column":73},"end":{"line":52,"column":90}},"line":52},"10":{"name":"(anonymous_10)","decl":{"start":{"line":55,"column":62},"end":{"line":55,"column":77}},"loc":{"start":{"line":55,"column":77},"end":{"line":55,"column":98}},"line":55},"11":{"name":"(anonymous_11)","decl":{"start":{"line":67,"column":31},"end":{"line":67,"column":36}},"loc":{"start":{"line":68,"column":10},"end":{"line":89,"column":null}},"line":68},"12":{"name":"(anonymous_12)","decl":{"start":{"line":71,"column":21},"end":{"line":71,"column":25}},"loc":{"start":{"line":71,"column":30},"end":{"line":85,"column":null}},"line":71},"13":{"name":"(anonymous_13)","decl":{"start":{"line":72,"column":35},"end":{"line":72,"column":40}},"loc":{"start":{"line":72,"column":45},"end":{"line":72,"column":66}},"line":72}},"branchMap":{"0":{"loc":{"start":{"line":14,"column":22},"end":{"line":14,"column":99}},"type":"cond-expr","locations":[{"start":{"line":14,"column":41},"end":{"line":14,"column":55}},{"start":{"line":14,"column":55},"end":{"line":14,"column":99}}],"line":14},"1":{"loc":{"start":{"line":17,"column":18},"end":{"line":17,"column":null}},"type":"cond-expr","locations":[{"start":{"line":17,"column":22},"end":{"line":17,"column":45}},{"start":{"line":17,"column":45},"end":{"line":17,"column":null}}],"line":17},"2":{"loc":{"start":{"line":24,"column":6},"end":{"line":24,"column":null}},"type":"if","locations":[{"start":{"line":24,"column":6},"end":{"line":24,"column":null}},{"start":{},"end":{}}],"line":24},"3":{"loc":{"start":{"line":30,"column":22},"end":{"line":34,"column":35}},"type":"cond-expr","locations":[{"start":{"line":31,"column":6},"end":{"line":31,"column":30}},{"start":{"line":32,"column":6},"end":{"line":34,"column":35}}],"line":30},"4":{"loc":{"start":{"line":32,"column":6},"end":{"line":34,"column":35}},"type":"cond-expr","locations":[{"start":{"line":33,"column":8},"end":{"line":33,"column":31}},{"start":{"line":34,"column":8},"end":{"line":34,"column":35}}],"line":32},"5":{"loc":{"start":{"line":49,"column":27},"end":{"line":49,"column":57}},"type":"cond-expr","locations":[{"start":{"line":49,"column":46},"end":{"line":49,"column":53}},{"start":{"line":49,"column":53},"end":{"line":49,"column":57}}],"line":49},"6":{"loc":{"start":{"line":52,"column":27},"end":{"line":52,"column":58}},"type":"cond-expr","locations":[{"start":{"line":52,"column":47},"end":{"line":52,"column":54}},{"start":{"line":52,"column":54},"end":{"line":52,"column":58}}],"line":52},"7":{"loc":{"start":{"line":55,"column":27},"end":{"line":55,"column":62}},"type":"cond-expr","locations":[{"start":{"line":55,"column":51},"end":{"line":55,"column":58}},{"start":{"line":55,"column":58},"end":{"line":55,"column":62}}],"line":55},"8":{"loc":{"start":{"line":60,"column":7},"end":{"line":89,"column":null}},"type":"cond-expr","locations":[{"start":{"line":61,"column":8},"end":{"line":67,"column":15}},{"start":{"line":67,"column":8},"end":{"line":89,"column":null}}],"line":60},"9":{"loc":{"start":{"line":73,"column":16},"end":{"line":73,"column":null}},"type":"if","locations":[{"start":{"line":73,"column":16},"end":{"line":73,"column":null}},{"start":{},"end":{}}],"line":73},"10":{"loc":{"start":{"line":80,"column":25},"end":{"line":80,"column":null}},"type":"binary-expr","locations":[{"start":{"line":80,"column":25},"end":{"line":80,"column":43}},{"start":{"line":80,"column":43},"end":{"line":80,"column":null}}],"line":80}},"s":{"0":24,"1":24,"2":24,"3":24,"4":24,"5":32,"6":24,"7":10,"8":24,"9":26,"10":36,"11":26,"12":24,"13":24,"14":24,"15":26,"16":26,"17":18,"18":26,"19":24,"20":24,"21":24,"22":1,"23":4,"24":1,"25":18,"26":26,"27":36,"28":26,"29":1,"30":25},"f":{"0":24,"1":24,"2":32,"3":10,"4":26,"5":36,"6":24,"7":26,"8":1,"9":4,"10":1,"11":18,"12":26,"13":36},"b":{"0":[19,5],"1":[25,1],"2":[18,8],"3":[19,5],"4":[4,1],"5":[19,5],"6":[4,20],"7":[1,23],"8":[6,18],"9":[1,25],"10":[25,1]},"meta":{"lastBranch":11,"lastFunction":14,"lastStatement":31,"seen":{"f:7:24:7:36":0,"s:8:13:8:38":0,"s:9:17:9:45":1,"s:11:2:11:Infinity":2,"f:11:2:11:18":1,"s:11:20:11:46":3,"s:13:22:13:69":4,"f:13:32:13:39":2,"s:13:44:13:69":5,"s:14:22:14:99":6,"b:14:41:14:55:14:55:14:99":0,"f:14:67:14:74":3,"s:14:79:14:99":7,"s:15:22:18:7":8,"f:15:31:15:39":4,"s:16:14:16:54":9,"f:16:23:16:28":5,"s:16:33:16:54":10,"s:17:4:17:Infinity":11,"b:17:22:17:45:17:45:17:Infinity":1,"s:20:8:28:31":12,"f:20:17:20:31":6,"s:21:14:21:16":13,"s:22:4:26:Infinity":14,"f:22:13:22:21":7,"s:23:12:23:56":15,"b:24:6:24:Infinity:undefined:undefined:undefined:undefined":2,"s:24:6:24:Infinity":16,"s:24:19:24:Infinity":17,"s:25:6:25:Infinity":18,"s:27:4:27:Infinity":19,"s:30:22:34:35":20,"b:31:6:31:30:32:6:34:35":3,"b:33:8:33:31:34:8:34:35":4,"s:36:2:89:Infinity":21,"b:49:46:49:53:49:53:49:57":5,"f:49:57:49:72":8,"s:49:72:49:88":22,"b:52:47:52:54:52:54:52:58":6,"f:52:58:52:73":9,"s:52:73:52:90":23,"b:55:51:55:58:55:58:55:62":7,"f:55:62:55:77":10,"s:55:77:55:98":24,"b:61:8:67:15:67:8:89:Infinity":8,"f:67:31:67:36":11,"s:68:10:89:Infinity":25,"f:71:21:71:25":12,"s:72:26:72:66":26,"f:72:35:72:40":13,"s:72:45:72:66":27,"b:73:16:73:Infinity:undefined:undefined:undefined:undefined":9,"s:73:16:73:Infinity":28,"s:73:24:73:Infinity":29,"s:74:16:85:Infinity":30,"b:80:25:80:43:80:43:80:Infinity":10}}}
,"C:\\Users\\Daniel\\Marianita\\Marianita-s-snaks\\frontend\\src\\views\\RegisterPurchase.jsx": {"path":"C:\\Users\\Daniel\\Marianita\\Marianita-s-snaks\\frontend\\src\\views\\RegisterPurchase.jsx","statementMap":{"0":{"start":{"line":7,"column":10},"end":{"line":7,"column":32}},"1":{"start":{"line":8,"column":15},"end":{"line":8,"column":52}},"2":{"start":{"line":9,"column":17},"end":{"line":9,"column":56}},"3":{"start":{"line":10,"column":22},"end":{"line":10,"column":55}},"4":{"start":{"line":11,"column":22},"end":{"line":11,"column":55}},"5":{"start":{"line":12,"column":22},"end":{"line":12,"column":52}},"6":{"start":{"line":14,"column":2},"end":{"line":14,"column":null}},"7":{"start":{"line":14,"column":20},"end":{"line":14,"column":46}},"8":{"start":{"line":16,"column":25},"end":{"line":16,"column":55}},"9":{"start":{"line":16,"column":46},"end":{"line":16,"column":55}},"10":{"start":{"line":18,"column":8},"end":{"line":22,"column":35}},"11":{"start":{"line":19,"column":14},"end":{"line":19,"column":46}},"12":{"start":{"line":20,"column":4},"end":{"line":20,"column":null}},"13":{"start":{"line":20,"column":12},"end":{"line":20,"column":null}},"14":{"start":{"line":21,"column":4},"end":{"line":21,"column":null}},"15":{"start":{"line":21,"column":38},"end":{"line":21,"column":70}},"16":{"start":{"line":24,"column":24},"end":{"line":24,"column":70}},"17":{"start":{"line":24,"column":61},"end":{"line":24,"column":68}},"18":{"start":{"line":25,"column":8},"end":{"line":30,"column":21}},"19":{"start":{"line":26,"column":4},"end":{"line":29,"column":9}},"20":{"start":{"line":27,"column":16},"end":{"line":27,"column":54}},"21":{"start":{"line":27,"column":35},"end":{"line":27,"column":54}},"22":{"start":{"line":28,"column":6},"end":{"line":28,"column":null}},"23":{"start":{"line":32,"column":8},"end":{"line":37,"column":21}},"24":{"start":{"line":33,"column":4},"end":{"line":36,"column":22}},"25":{"start":{"line":34,"column":16},"end":{"line":34,"column":54}},"26":{"start":{"line":34,"column":35},"end":{"line":34,"column":54}},"27":{"start":{"line":35,"column":6},"end":{"line":35,"column":null}},"28":{"start":{"line":39,"column":8},"end":{"line":40,"column":75}},"29":{"start":{"line":40,"column":4},"end":{"line":40,"column":75}},"30":{"start":{"line":40,"column":21},"end":{"line":40,"column":75}},"31":{"start":{"line":42,"column":8},"end":{"line":49,"column":null}},"32":{"start":{"line":43,"column":4},"end":{"line":43,"column":null}},"33":{"start":{"line":44,"column":4},"end":{"line":49,"column":null}},"34":{"start":{"line":45,"column":19},"end":{"line":45,"column":30}},"35":{"start":{"line":46,"column":6},"end":{"line":46,"column":null}},"36":{"start":{"line":47,"column":6},"end":{"line":47,"column":null}},"37":{"start":{"line":47,"column":32},"end":{"line":47,"column":null}},"38":{"start":{"line":48,"column":6},"end":{"line":48,"column":null}},"39":{"start":{"line":52,"column":8},"end":{"line":57,"column":null}},"40":{"start":{"line":53,"column":4},"end":{"line":53,"column":null}},"41":{"start":{"line":54,"column":18},"end":{"line":54,"column":96}},"42":{"start":{"line":54,"column":71},"end":{"line":54,"column":96}},"43":{"start":{"line":55,"column":4},"end":{"line":55,"column":null}},"44":{"start":{"line":56,"column":4},"end":{"line":56,"column":null}},"45":{"start":{"line":57,"column":4},"end":{"line":57,"column":null}},"46":{"start":{"line":57,"column":23},"end":{"line":57,"column":36}},"47":{"start":{"line":57,"column":36},"end":{"line":57,"column":61}},"48":{"start":{"line":60,"column":2},"end":{"line":71,"column":null}},"49":{"start":{"line":61,"column":4},"end":{"line":71,"column":null}},"50":{"start":{"line":75,"column":2},"end":{"line":189,"column":null}},"51":{"start":{"line":87,"column":25},"end":{"line":87,"column":null}},"52":{"start":{"line":90,"column":71},"end":{"line":90,"column":89}},"53":{"start":{"line":105,"column":24},"end":{"line":105,"column":null}},"54":{"start":{"line":106,"column":12},"end":{"line":121,"column":null}},"55":{"start":{"line":110,"column":31},"end":{"line":110,"column":43}},"56":{"start":{"line":115,"column":64},"end":{"line":115,"column":81}},"57":{"start":{"line":132,"column":79},"end":{"line":132,"column":96}},"58":{"start":{"line":135,"column":83},"end":{"line":135,"column":104}},"59":{"start":{"line":140,"column":61},"end":{"line":140,"column":81}},"60":{"start":{"line":148,"column":54},"end":{"line":148,"column":75}},"61":{"start":{"line":149,"column":47},"end":{"line":149,"column":66}},"62":{"start":{"line":152,"column":58},"end":{"line":152,"column":79}},"63":{"start":{"line":160,"column":18},"end":{"line":165,"column":null}},"64":{"start":{"line":184,"column":59},"end":{"line":184,"column":80}}},"fnMap":{"0":{"name":"RegisterPurchase","decl":{"start":{"line":6,"column":24},"end":{"line":6,"column":41}},"loc":{"start":{"line":6,"column":74},"end":{"line":189,"column":null}},"line":6},"1":{"name":"(anonymous_1)","decl":{"start":{"line":14,"column":2},"end":{"line":14,"column":18}},"loc":{"start":{"line":14,"column":18},"end":{"line":14,"column":47}},"line":14},"2":{"name":"(anonymous_2)","decl":{"start":{"line":16,"column":34},"end":{"line":16,"column":41}},"loc":{"start":{"line":16,"column":46},"end":{"line":16,"column":55}},"line":16},"3":{"name":"(anonymous_3)","decl":{"start":{"line":18,"column":27},"end":{"line":18,"column":41}},"loc":{"start":{"line":18,"column":41},"end":{"line":22,"column":6}},"line":18},"4":{"name":"(anonymous_4)","decl":{"start":{"line":21,"column":26},"end":{"line":21,"column":33}},"loc":{"start":{"line":21,"column":38},"end":{"line":21,"column":70}},"line":21},"5":{"name":"(anonymous_5)","decl":{"start":{"line":24,"column":44},"end":{"line":24,"column":52}},"loc":{"start":{"line":24,"column":61},"end":{"line":24,"column":68}},"line":24},"6":{"name":"(anonymous_6)","decl":{"start":{"line":25,"column":16},"end":{"line":25,"column":null}},"loc":{"start":{"line":26,"column":4},"end":{"line":29,"column":9}},"line":26},"7":{"name":"(anonymous_7)","decl":{"start":{"line":26,"column":25},"end":{"line":26,"column":33}},"loc":{"start":{"line":26,"column":59},"end":{"line":29,"column":9}},"line":26},"8":{"name":"(anonymous_8)","decl":{"start":{"line":27,"column":25},"end":{"line":27,"column":30}},"loc":{"start":{"line":27,"column":35},"end":{"line":27,"column":54}},"line":27},"9":{"name":"(anonymous_9)","decl":{"start":{"line":32,"column":20},"end":{"line":32,"column":null}},"loc":{"start":{"line":33,"column":4},"end":{"line":36,"column":22}},"line":33},"10":{"name":"(anonymous_10)","decl":{"start":{"line":33,"column":25},"end":{"line":33,"column":30}},"loc":{"start":{"line":33,"column":51},"end":{"line":36,"column":7}},"line":33},"11":{"name":"(anonymous_11)","decl":{"start":{"line":34,"column":25},"end":{"line":34,"column":30}},"loc":{"start":{"line":34,"column":35},"end":{"line":34,"column":54}},"line":34},"12":{"name":"(anonymous_12)","decl":{"start":{"line":39,"column":8},"end":{"line":39,"column":18}},"loc":{"start":{"line":40,"column":4},"end":{"line":40,"column":75}},"line":40},"13":{"name":"(anonymous_13)","decl":{"start":{"line":40,"column":4},"end":{"line":40,"column":12}},"loc":{"start":{"line":40,"column":21},"end":{"line":40,"column":75}},"line":40},"14":{"name":"(anonymous_14)","decl":{"start":{"line":42,"column":8},"end":{"line":42,"column":20}},"loc":{"start":{"line":42,"column":37},"end":{"line":49,"column":null}},"line":42},"15":{"name":"(anonymous_15)","decl":{"start":{"line":44,"column":4},"end":{"line":44,"column":12}},"loc":{"start":{"line":44,"column":20},"end":{"line":49,"column":null}},"line":44},"16":{"name":"(anonymous_16)","decl":{"start":{"line":52,"column":8},"end":{"line":52,"column":24}},"loc":{"start":{"line":52,"column":24},"end":{"line":57,"column":null}},"line":52},"17":{"name":"(anonymous_17)","decl":{"start":{"line":54,"column":39},"end":{"line":54,"column":44}},"loc":{"start":{"line":54,"column":71},"end":{"line":54,"column":96}},"line":54},"18":{"name":"(anonymous_18)","decl":{"start":{"line":57,"column":4},"end":{"line":57,"column":21}},"loc":{"start":{"line":57,"column":21},"end":{"line":57,"column":66}},"line":57},"19":{"name":"(anonymous_19)","decl":{"start":{"line":87,"column":10},"end":{"line":87,"column":20}},"loc":{"start":{"line":87,"column":25},"end":{"line":87,"column":null}},"line":87},"20":{"name":"(anonymous_20)","decl":{"start":{"line":90,"column":56},"end":{"line":90,"column":71}},"loc":{"start":{"line":90,"column":71},"end":{"line":90,"column":89}},"line":90},"21":{"name":"(anonymous_21)","decl":{"start":{"line":104,"column":28},"end":{"line":104,"column":32}},"loc":{"start":{"line":104,"column":37},"end":{"line":121,"column":null}},"line":104},"22":{"name":"(anonymous_22)","decl":{"start":{"line":110,"column":16},"end":{"line":110,"column":31}},"loc":{"start":{"line":110,"column":31},"end":{"line":110,"column":43}},"line":110},"23":{"name":"(anonymous_23)","decl":{"start":{"line":115,"column":48},"end":{"line":115,"column":58}},"loc":{"start":{"line":115,"column":64},"end":{"line":115,"column":81}},"line":115},"24":{"name":"(anonymous_24)","decl":{"start":{"line":132,"column":64},"end":{"line":132,"column":79}},"loc":{"start":{"line":132,"column":79},"end":{"line":132,"column":96}},"line":132},"25":{"name":"(anonymous_25)","decl":{"start":{"line":135,"column":68},"end":{"line":135,"column":83}},"loc":{"start":{"line":135,"column":83},"end":{"line":135,"column":104}},"line":135},"26":{"name":"(anonymous_26)","decl":{"start":{"line":140,"column":46},"end":{"line":140,"column":61}},"loc":{"start":{"line":140,"column":61},"end":{"line":140,"column":81}},"line":140},"27":{"name":"(anonymous_27)","decl":{"start":{"line":148,"column":39},"end":{"line":148,"column":54}},"loc":{"start":{"line":148,"column":54},"end":{"line":148,"column":75}},"line":148},"28":{"name":"(anonymous_28)","decl":{"start":{"line":149,"column":33},"end":{"line":149,"column":42}},"loc":{"start":{"line":149,"column":47},"end":{"line":149,"column":66}},"line":149},"29":{"name":"(anonymous_29)","decl":{"start":{"line":152,"column":43},"end":{"line":152,"column":58}},"loc":{"start":{"line":152,"column":58},"end":{"line":152,"column":79}},"line":152},"30":{"name":"(anonymous_30)","decl":{"start":{"line":159,"column":27},"end":{"line":159,"column":31}},"loc":{"start":{"line":160,"column":18},"end":{"line":165,"column":null}},"line":160},"31":{"name":"(anonymous_31)","decl":{"start":{"line":184,"column":44},"end":{"line":184,"column":59}},"loc":{"start":{"line":184,"column":59},"end":{"line":184,"column":80}},"line":184}},"branchMap":{"0":{"loc":{"start":{"line":20,"column":4},"end":{"line":20,"column":null}},"type":"if","locations":[{"start":{"line":20,"column":4},"end":{"line":20,"column":null}},{"start":{},"end":{}}],"line":20},"1":{"loc":{"start":{"line":28,"column":20},"end":{"line":28,"column":null}},"type":"cond-expr","locations":[{"start":{"line":28,"column":24},"end":{"line":28,"column":40}},{"start":{"line":28,"column":40},"end":{"line":28,"column":null}}],"line":28},"2":{"loc":{"start":{"line":35,"column":13},"end":{"line":35,"column":null}},"type":"cond-expr","locations":[{"start":{"line":35,"column":17},"end":{"line":35,"column":68}},{"start":{"line":35,"column":68},"end":{"line":35,"column":null}}],"line":35},"3":{"loc":{"start":{"line":40,"column":46},"end":{"line":40,"column":70}},"type":"binary-expr","locations":[{"start":{"line":40,"column":46},"end":{"line":40,"column":65}},{"start":{"line":40,"column":65},"end":{"line":40,"column":70}}],"line":40},"4":{"loc":{"start":{"line":46,"column":25},"end":{"line":46,"column":49}},"type":"binary-expr","locations":[{"start":{"line":46,"column":25},"end":{"line":46,"column":44}},{"start":{"line":46,"column":44},"end":{"line":46,"column":49}}],"line":46},"5":{"loc":{"start":{"line":47,"column":6},"end":{"line":47,"column":null}},"type":"if","locations":[{"start":{"line":47,"column":6},"end":{"line":47,"column":null}},{"start":{},"end":{}}],"line":47},"6":{"loc":{"start":{"line":60,"column":2},"end":{"line":71,"column":null}},"type":"if","locations":[{"start":{"line":60,"column":2},"end":{"line":71,"column":null}},{"start":{},"end":{}}],"line":60},"7":{"loc":{"start":{"line":68,"column":34},"end":{"line":68,"column":null}},"type":"cond-expr","locations":[{"start":{"line":68,"column":54},"end":{"line":68,"column":86}},{"start":{"line":68,"column":89},"end":{"line":68,"column":null}}],"line":68},"8":{"loc":{"start":{"line":89,"column":9},"end":{"line":92,"column":null}},"type":"binary-expr","locations":[{"start":{"line":89,"column":9},"end":{"line":89,"column":null}},{"start":{"line":90,"column":10},"end":{"line":92,"column":null}}],"line":89},"9":{"loc":{"start":{"line":96,"column":7},"end":{"line":124,"column":null}},"type":"cond-expr","locations":[{"start":{"line":97,"column":8},"end":{"line":103,"column":9}},{"start":{"line":103,"column":8},"end":{"line":124,"column":null}}],"line":96},"10":{"loc":{"start":{"line":105,"column":24},"end":{"line":105,"column":null}},"type":"binary-expr","locations":[{"start":{"line":105,"column":24},"end":{"line":105,"column":38}},{"start":{"line":105,"column":38},"end":{"line":105,"column":null}}],"line":105},"11":{"loc":{"start":{"line":109,"column":46},"end":{"line":109,"column":null}},"type":"cond-expr","locations":[{"start":{"line":109,"column":56},"end":{"line":109,"column":69}},{"start":{"line":109,"column":69},"end":{"line":109,"column":null}}],"line":109},"12":{"loc":{"start":{"line":112,"column":17},"end":{"line":115,"column":null}},"type":"binary-expr","locations":[{"start":{"line":112,"column":17},"end":{"line":112,"column":null}},{"start":{"line":113,"column":18},"end":{"line":115,"column":null}}],"line":112},"13":{"loc":{"start":{"line":127,"column":7},"end":{"line":142,"column":null}},"type":"binary-expr","locations":[{"start":{"line":127,"column":7},"end":{"line":127,"column":null}},{"start":{"line":128,"column":8},"end":{"line":142,"column":null}}],"line":127},"14":{"loc":{"start":{"line":132,"column":33},"end":{"line":132,"column":64}},"type":"cond-expr","locations":[{"start":{"line":132,"column":53},"end":{"line":132,"column":60}},{"start":{"line":132,"column":60},"end":{"line":132,"column":64}}],"line":132},"15":{"loc":{"start":{"line":135,"column":33},"end":{"line":135,"column":68}},"type":"cond-expr","locations":[{"start":{"line":135,"column":57},"end":{"line":135,"column":64}},{"start":{"line":135,"column":64},"end":{"line":135,"column":68}}],"line":135},"16":{"loc":{"start":{"line":147,"column":7},"end":{"line":189,"column":null}},"type":"binary-expr","locations":[{"start":{"line":147,"column":7},"end":{"line":147,"column":null}},{"start":{"line":148,"column":8},"end":{"line":189,"column":null}}],"line":147},"17":{"loc":{"start":{"line":170,"column":45},"end":{"line":170,"column":null}},"type":"cond-expr","locations":[{"start":{"line":170,"column":65},"end":{"line":170,"column":81}},{"start":{"line":170,"column":81},"end":{"line":170,"column":null}}],"line":170},"18":{"loc":{"start":{"line":171,"column":19},"end":{"line":171,"column":null}},"type":"cond-expr","locations":[{"start":{"line":171,"column":39},"end":{"line":171,"column":57}},{"start":{"line":171,"column":60},"end":{"line":171,"column":null}}],"line":171}},"s":{"0":78,"1":78,"2":78,"3":78,"4":78,"5":78,"6":78,"7":77,"8":78,"9":839,"10":78,"11":78,"12":78,"13":67,"14":11,"15":22,"16":78,"17":34,"18":78,"19":52,"20":20,"21":21,"22":20,"23":78,"24":52,"25":20,"26":21,"27":20,"28":78,"29":18,"30":18,"31":78,"32":2,"33":2,"34":2,"35":2,"36":2,"37":1,"38":2,"39":78,"40":4,"41":4,"42":4,"43":4,"44":4,"45":4,"46":1,"47":1,"48":78,"49":4,"50":74,"51":12,"52":0,"53":750,"54":750,"55":18,"56":2,"57":0,"58":1,"59":7,"60":0,"61":5,"62":0,"63":8,"64":1},"f":{"0":78,"1":77,"2":839,"3":78,"4":22,"5":34,"6":52,"7":20,"8":21,"9":52,"10":20,"11":21,"12":18,"13":18,"14":2,"15":2,"16":4,"17":4,"18":1,"19":12,"20":0,"21":750,"22":18,"23":2,"24":0,"25":1,"26":7,"27":0,"28":5,"29":0,"30":8,"31":1},"b":{"0":[67,11],"1":[20,0],"2":[20,0],"3":[18,15],"4":[2,0],"5":[1,1],"6":[4,74],"7":[4,0],"8":[74,11],"9":[3,71],"10":[750,720],"11":[30,720],"12":[750,30],"13":[78,28],"14":[27,1],"15":[1,27],"16":[78,7],"17":[7,0],"18":[7,0]},"meta":{"lastBranch":19,"lastFunction":32,"lastStatement":65,"seen":{"f:6:24:6:41":0,"s:7:10:7:32":0,"s:8:15:8:52":1,"s:9:17:9:56":2,"s:10:22:10:55":3,"s:11:22:11:55":4,"s:12:22:12:52":5,"s:14:2:14:Infinity":6,"f:14:2:14:18":1,"s:14:20:14:46":7,"s:16:25:16:55":8,"f:16:34:16:41":2,"s:16:46:16:55":9,"s:18:8:22:35":10,"f:18:27:18:41":3,"s:19:14:19:46":11,"b:20:4:20:Infinity:undefined:undefined:undefined:undefined":0,"s:20:4:20:Infinity":12,"s:20:12:20:Infinity":13,"s:21:4:21:Infinity":14,"f:21:26:21:33":4,"s:21:38:21:70":15,"s:24:24:24:70":16,"f:24:44:24:52":5,"s:24:61:24:68":17,"s:25:8:30:21":18,"f:25:16:25:Infinity":6,"s:26:4:29:9":19,"f:26:25:26:33":7,"s:27:16:27:54":20,"f:27:25:27:30":8,"s:27:35:27:54":21,"s:28:6:28:Infinity":22,"b:28:24:28:40:28:40:28:Infinity":1,"s:32:8:37:21":23,"f:32:20:32:Infinity":9,"s:33:4:36:22":24,"f:33:25:33:30":10,"s:34:16:34:54":25,"f:34:25:34:30":11,"s:34:35:34:54":26,"s:35:6:35:Infinity":27,"b:35:17:35:68:35:68:35:Infinity":2,"s:39:8:40:75":28,"f:39:8:39:18":12,"s:40:4:40:75":29,"f:40:4:40:12":13,"s:40:21:40:75":30,"b:40:46:40:65:40:65:40:70":3,"s:42:8:49:Infinity":31,"f:42:8:42:20":14,"s:43:4:43:Infinity":32,"s:44:4:49:Infinity":33,"f:44:4:44:12":15,"s:45:19:45:30":34,"s:46:6:46:Infinity":35,"b:46:25:46:44:46:44:46:49":4,"b:47:6:47:Infinity:undefined:undefined:undefined:undefined":5,"s:47:6:47:Infinity":36,"s:47:32:47:Infinity":37,"s:48:6:48:Infinity":38,"s:52:8:57:Infinity":39,"f:52:8:52:24":16,"s:53:4:53:Infinity":40,"s:54:18:54:96":41,"f:54:39:54:44":17,"s:54:71:54:96":42,"s:55:4:55:Infinity":43,"s:56:4:56:Infinity":44,"s:57:4:57:Infinity":45,"f:57:4:57:21":18,"s:57:23:57:36":46,"s:57:36:57:61":47,"b:60:2:71:Infinity:undefined:undefined:undefined:undefined":6,"s:60:2:71:Infinity":48,"s:61:4:71:Infinity":49,"b:68:54:68:86:68:89:68:Infinity":7,"s:75:2:189:Infinity":50,"f:87:10:87:20":19,"s:87:25:87:Infinity":51,"b:89:9:89:Infinity:90:10:92:Infinity":8,"f:90:56:90:71":20,"s:90:71:90:89":52,"b:97:8:103:9:103:8:124:Infinity":9,"f:104:28:104:32":21,"s:105:24:105:Infinity":53,"b:105:24:105:38:105:38:105:Infinity":10,"s:106:12:121:Infinity":54,"b:109:56:109:69:109:69:109:Infinity":11,"f:110:16:110:31":22,"s:110:31:110:43":55,"b:112:17:112:Infinity:113:18:115:Infinity":12,"f:115:48:115:58":23,"s:115:64:115:81":56,"b:127:7:127:Infinity:128:8:142:Infinity":13,"b:132:53:132:60:132:60:132:64":14,"f:132:64:132:79":24,"s:132:79:132:96":57,"b:135:57:135:64:135:64:135:68":15,"f:135:68:135:83":25,"s:135:83:135:104":58,"f:140:46:140:61":26,"s:140:61:140:81":59,"b:147:7:147:Infinity:148:8:189:Infinity":16,"f:148:39:148:54":27,"s:148:54:148:75":60,"f:149:33:149:42":28,"s:149:47:149:66":61,"f:152:43:152:58":29,"s:152:58:152:79":62,"f:159:27:159:31":30,"s:160:18:165:Infinity":63,"b:170:65:170:81:170:81:170:Infinity":17,"b:171:39:171:57:171:60:171:Infinity":18,"f:184:44:184:59":31,"s:184:59:184:80":64}}}
}
